Copyright 1986-2022 Xilinx, Inc. All Rights Reserved.
------------------------------------------------------------------------------------
| Tool Version : Vivado v.2022.2 (win64) Build 3671981 Fri Oct 14 05:00:03 MDT 2022
| Date         : Thu Dec 12 02:46:19 2024
| Host         : DESKTOP-0G38QBS running 64-bit major release  (build 9200)
| Command      : upgrade_ip
| Device       : xc7s50csga324-1
------------------------------------------------------------------------------------

Upgrade Log for IP 'mb_block_hdmi_text_controller_0_2'

1. Summary
----------

SUCCESS in the upgrade of mb_block_hdmi_text_controller_0_2 (xilinx.com:user:hdmi_text_controller_thissss:1.0) from (Rev. 38) to (Rev. 40)






Copyright 1986-2022 Xilinx, Inc. All Rights Reserved.
------------------------------------------------------------------------------------
| Tool Version : Vivado v.2022.2 (win64) Build 3671981 Fri Oct 14 05:00:03 MDT 2022
| Date         : Thu Dec 12 01:19:01 2024
| Host         : DESKTOP-0G38QBS running 64-bit major release  (build 9200)
| Command      : upgrade_ip
| Device       : xc7s50csga324-1
------------------------------------------------------------------------------------

Upgrade Log for IP 'mb_block_hdmi_text_controller_0_2'

1. Summary
----------

SUCCESS in the upgrade of mb_block_hdmi_text_controller_0_2 (xilinx.com:user:hdmi_text_controller_thissss:1.0) from (Rev. 37) to (Rev. 38)






Copyright 1986-2022 Xilinx, Inc. All Rights Reserved.
------------------------------------------------------------------------------------
| Tool Version : Vivado v.2022.2 (win64) Build 3671981 Fri Oct 14 05:00:03 MDT 2022
| Date         : Thu Dec 12 01:02:41 2024
| Host         : DESKTOP-0G38QBS running 64-bit major release  (build 9200)
| Command      : upgrade_ip
| Device       : xc7s50csga324-1
------------------------------------------------------------------------------------

Upgrade Log for IP 'mb_block_hdmi_text_controller_0_2'

1. Summary
----------

SUCCESS in the upgrade of mb_block_hdmi_text_controller_0_2 (xilinx.com:user:hdmi_text_controller_thissss:1.0) from (Rev. 36) to (Rev. 37)






Copyright 1986-2022 Xilinx, Inc. All Rights Reserved.
------------------------------------------------------------------------------------
| Tool Version : Vivado v.2022.2 (win64) Build 3671981 Fri Oct 14 05:00:03 MDT 2022
| Date         : Thu Dec 12 00:47:02 2024
| Host         : DESKTOP-0G38QBS running 64-bit major release  (build 9200)
| Command      : upgrade_ip
| Device       : xc7s50csga324-1
------------------------------------------------------------------------------------

Upgrade Log for IP 'mb_block_hdmi_text_controller_0_2'

1. Summary
----------

SUCCESS in the upgrade of mb_block_hdmi_text_controller_0_2 (xilinx.com:user:hdmi_text_controller_thissss:1.0) from (Rev. 35) to (Rev. 36)






Copyright 1986-2022 Xilinx, Inc. All Rights Reserved.
------------------------------------------------------------------------------------
| Tool Version : Vivado v.2022.2 (win64) Build 3671981 Fri Oct 14 05:00:03 MDT 2022
| Date         : Thu Dec 12 00:24:19 2024
| Host         : DESKTOP-0G38QBS running 64-bit major release  (build 9200)
| Command      : upgrade_ip
| Device       : xc7s50csga324-1
------------------------------------------------------------------------------------

Upgrade Log for IP 'mb_block_hdmi_text_controller_0_2'

1. Summary
----------

SUCCESS in the upgrade of mb_block_hdmi_text_controller_0_2 (xilinx.com:user:hdmi_text_controller_thissss:1.0) from (Rev. 34) to (Rev. 35)






Copyright 1986-2022 Xilinx, Inc. All Rights Reserved.
------------------------------------------------------------------------------------
| Tool Version : Vivado v.2022.2 (win64) Build 3671981 Fri Oct 14 05:00:03 MDT 2022
| Date         : Wed Dec 11 22:13:53 2024
| Host         : DESKTOP-0G38QBS running 64-bit major release  (build 9200)
| Command      : upgrade_ip
| Device       : xc7s50csga324-1
------------------------------------------------------------------------------------

Upgrade Log for IP 'mb_block_hdmi_text_controller_0_2'

1. Summary
----------

SUCCESS in the upgrade of mb_block_hdmi_text_controller_0_2 (xilinx.com:user:hdmi_text_controller_thissss:1.0) from (Rev. 32) to (Rev. 34)






Copyright 1986-2022 Xilinx, Inc. All Rights Reserved.
------------------------------------------------------------------------------------
| Tool Version : Vivado v.2022.2 (win64) Build 3671981 Fri Oct 14 05:00:03 MDT 2022
| Date         : Wed Dec 11 22:06:36 2024
| Host         : DESKTOP-0G38QBS running 64-bit major release  (build 9200)
| Command      : upgrade_ip
| Device       : xc7s50csga324-1
------------------------------------------------------------------------------------

Upgrade Log for IP 'mb_block_hdmi_text_controller_0_2'

1. Summary
----------

SUCCESS in the upgrade of mb_block_hdmi_text_controller_0_2 (xilinx.com:user:hdmi_text_controller_thissss:1.0) from (Rev. 31) to (Rev. 32)






Copyright 1986-2022 Xilinx, Inc. All Rights Reserved.
------------------------------------------------------------------------------------
| Tool Version : Vivado v.2022.2 (win64) Build 3671981 Fri Oct 14 05:00:03 MDT 2022
| Date         : Wed Dec 11 21:59:26 2024
| Host         : DESKTOP-0G38QBS running 64-bit major release  (build 9200)
| Command      : upgrade_ip
| Device       : xc7s50csga324-1
------------------------------------------------------------------------------------

Upgrade Log for IP 'mb_block_hdmi_text_controller_0_2'

1. Summary
----------

SUCCESS in the upgrade of mb_block_hdmi_text_controller_0_2 (xilinx.com:user:hdmi_text_controller_thissss:1.0) from (Rev. 30) to (Rev. 31)






Copyright 1986-2022 Xilinx, Inc. All Rights Reserved.
------------------------------------------------------------------------------------
| Tool Version : Vivado v.2022.2 (win64) Build 3671981 Fri Oct 14 05:00:03 MDT 2022
| Date         : Wed Dec 11 21:52:51 2024
| Host         : DESKTOP-0G38QBS running 64-bit major release  (build 9200)
| Command      : upgrade_ip
| Device       : xc7s50csga324-1
------------------------------------------------------------------------------------

Upgrade Log for IP 'mb_block_hdmi_text_controller_0_2'

1. Summary
----------

SUCCESS in the upgrade of mb_block_hdmi_text_controller_0_2 (xilinx.com:user:hdmi_text_controller_thissss:1.0) from (Rev. 29) to (Rev. 30)






Copyright 1986-2022 Xilinx, Inc. All Rights Reserved.
------------------------------------------------------------------------------------
| Tool Version : Vivado v.2022.2 (win64) Build 3671981 Fri Oct 14 05:00:03 MDT 2022
| Date         : Wed Dec 11 21:42:38 2024
| Host         : DESKTOP-0G38QBS running 64-bit major release  (build 9200)
| Command      : upgrade_ip
| Device       : xc7s50csga324-1
------------------------------------------------------------------------------------

Upgrade Log for IP 'mb_block_hdmi_text_controller_0_2'

1. Summary
----------

SUCCESS in the upgrade of mb_block_hdmi_text_controller_0_2 (xilinx.com:user:hdmi_text_controller_thissss:1.0) from (Rev. 28) to (Rev. 29)






Copyright 1986-2022 Xilinx, Inc. All Rights Reserved.
------------------------------------------------------------------------------------
| Tool Version : Vivado v.2022.2 (win64) Build 3671981 Fri Oct 14 05:00:03 MDT 2022
| Date         : Wed Dec 11 21:31:37 2024
| Host         : DESKTOP-0G38QBS running 64-bit major release  (build 9200)
| Command      : upgrade_ip
| Device       : xc7s50csga324-1
------------------------------------------------------------------------------------

Upgrade Log for IP 'mb_block_hdmi_text_controller_0_2'

1. Summary
----------

SUCCESS in the upgrade of mb_block_hdmi_text_controller_0_2 (xilinx.com:user:hdmi_text_controller_thissss:1.0) from (Rev. 27) to (Rev. 28)






Copyright 1986-2022 Xilinx, Inc. All Rights Reserved.
------------------------------------------------------------------------------------
| Tool Version : Vivado v.2022.2 (win64) Build 3671981 Fri Oct 14 05:00:03 MDT 2022
| Date         : Wed Dec 11 21:18:17 2024
| Host         : DESKTOP-0G38QBS running 64-bit major release  (build 9200)
| Command      : upgrade_ip
| Device       : xc7s50csga324-1
------------------------------------------------------------------------------------

Upgrade Log for IP 'mb_block_hdmi_text_controller_0_2'

1. Summary
----------

SUCCESS in the upgrade of mb_block_hdmi_text_controller_0_2 (xilinx.com:user:hdmi_text_controller_thissss:1.0) from (Rev. 25) to (Rev. 27)






Copyright 1986-2022 Xilinx, Inc. All Rights Reserved.
------------------------------------------------------------------------------------
| Tool Version : Vivado v.2022.2 (win64) Build 3671981 Fri Oct 14 05:00:03 MDT 2022
| Date         : Wed Dec 11 20:46:55 2024
| Host         : DESKTOP-0G38QBS running 64-bit major release  (build 9200)
| Command      : upgrade_ip
| Device       : xc7s50csga324-1
------------------------------------------------------------------------------------

Upgrade Log for IP 'mb_block_hdmi_text_controller_0_2'

1. Summary
----------

SUCCESS in the upgrade of mb_block_hdmi_text_controller_0_2 (xilinx.com:user:hdmi_text_controller_thissss:1.0) from (Rev. 24) to (Rev. 25)






Copyright 1986-2022 Xilinx, Inc. All Rights Reserved.
------------------------------------------------------------------------------------
| Tool Version : Vivado v.2022.2 (win64) Build 3671981 Fri Oct 14 05:00:03 MDT 2022
| Date         : Wed Dec 11 20:37:28 2024
| Host         : DESKTOP-0G38QBS running 64-bit major release  (build 9200)
| Command      : upgrade_ip
| Device       : xc7s50csga324-1
------------------------------------------------------------------------------------

Upgrade Log for IP 'mb_block_hdmi_text_controller_0_2'

1. Summary
----------

SUCCESS in the upgrade of mb_block_hdmi_text_controller_0_2 (xilinx.com:user:hdmi_text_controller_thissss:1.0) from (Rev. 22) to (Rev. 24)






Copyright 1986-2022 Xilinx, Inc. All Rights Reserved.
------------------------------------------------------------------------------------
| Tool Version : Vivado v.2022.2 (win64) Build 3671981 Fri Oct 14 05:00:03 MDT 2022
| Date         : Wed Dec 11 20:30:25 2024
| Host         : DESKTOP-0G38QBS running 64-bit major release  (build 9200)
| Command      : upgrade_ip
| Device       : xc7s50csga324-1
------------------------------------------------------------------------------------

Upgrade Log for IP 'mb_block_hdmi_text_controller_0_2'

1. Summary
----------

SUCCESS in the upgrade of mb_block_hdmi_text_controller_0_2 (xilinx.com:user:hdmi_text_controller_thissss:1.0) from (Rev. 21) to (Rev. 22)






Copyright 1986-2022 Xilinx, Inc. All Rights Reserved.
------------------------------------------------------------------------------------
| Tool Version : Vivado v.2022.2 (win64) Build 3671981 Fri Oct 14 05:00:03 MDT 2022
| Date         : Wed Dec 11 20:17:15 2024
| Host         : DESKTOP-0G38QBS running 64-bit major release  (build 9200)
| Command      : upgrade_ip
| Device       : xc7s50csga324-1
------------------------------------------------------------------------------------

Upgrade Log for IP 'mb_block_hdmi_text_controller_0_2'

1. Summary
----------

SUCCESS in the upgrade of mb_block_hdmi_text_controller_0_2 (xilinx.com:user:hdmi_text_controller_thissss:1.0) from (Rev. 19) to (Rev. 21)






Copyright 1986-2022 Xilinx, Inc. All Rights Reserved.
------------------------------------------------------------------------------------
| Tool Version : Vivado v.2022.2 (win64) Build 3671981 Fri Oct 14 05:00:03 MDT 2022
| Date         : Wed Dec 11 19:54:56 2024
| Host         : DESKTOP-0G38QBS running 64-bit major release  (build 9200)
| Command      : upgrade_ip
| Device       : xc7s50csga324-1
------------------------------------------------------------------------------------

Upgrade Log for IP 'mb_block_hdmi_text_controller_0_2'

1. Summary
----------

SUCCESS in the upgrade of mb_block_hdmi_text_controller_0_2 (xilinx.com:user:hdmi_text_controller_thissss:1.0) from (Rev. 18) to (Rev. 19)






Copyright 1986-2022 Xilinx, Inc. All Rights Reserved.
------------------------------------------------------------------------------------
| Tool Version : Vivado v.2022.2 (win64) Build 3671981 Fri Oct 14 05:00:03 MDT 2022
| Date         : Wed Dec 11 19:40:11 2024
| Host         : DESKTOP-0G38QBS running 64-bit major release  (build 9200)
| Command      : upgrade_ip
| Device       : xc7s50csga324-1
------------------------------------------------------------------------------------

Upgrade Log for IP 'mb_block_hdmi_text_controller_0_2'

1. Summary
----------

SUCCESS in the upgrade of mb_block_hdmi_text_controller_0_2 (xilinx.com:user:hdmi_text_controller_thissss:1.0) from (Rev. 17) to (Rev. 18)






Copyright 1986-2022 Xilinx, Inc. All Rights Reserved.
------------------------------------------------------------------------------------
| Tool Version : Vivado v.2022.2 (win64) Build 3671981 Fri Oct 14 05:00:03 MDT 2022
| Date         : Wed Dec 11 01:05:23 2024
| Host         : DESKTOP-0G38QBS running 64-bit major release  (build 9200)
| Command      : upgrade_ip
| Device       : xc7s50csga324-1
------------------------------------------------------------------------------------

Upgrade Log for IP 'mb_block_hdmi_text_controller_0_2'

1. Summary
----------

SUCCESS in the upgrade of mb_block_hdmi_text_controller_0_2 (xilinx.com:user:hdmi_text_controller_thissss:1.0) from (Rev. 16) to (Rev. 17)






Copyright 1986-2022 Xilinx, Inc. All Rights Reserved.
------------------------------------------------------------------------------------
| Tool Version : Vivado v.2022.2 (win64) Build 3671981 Fri Oct 14 05:00:03 MDT 2022
| Date         : Wed Dec 11 00:27:17 2024
| Host         : DESKTOP-0G38QBS running 64-bit major release  (build 9200)
| Command      : upgrade_ip
| Device       : xc7s50csga324-1
------------------------------------------------------------------------------------

Upgrade Log for IP 'mb_block_hdmi_text_controller_0_2'

1. Summary
----------

SUCCESS in the upgrade of mb_block_hdmi_text_controller_0_2 (xilinx.com:user:hdmi_text_controller_thissss:1.0) from (Rev. 15) to (Rev. 16)






Copyright 1986-2022 Xilinx, Inc. All Rights Reserved.
------------------------------------------------------------------------------------
| Tool Version : Vivado v.2022.2 (win64) Build 3671981 Fri Oct 14 05:00:03 MDT 2022
| Date         : Wed Dec 11 00:19:04 2024
| Host         : DESKTOP-0G38QBS running 64-bit major release  (build 9200)
| Command      : upgrade_ip
| Device       : xc7s50csga324-1
------------------------------------------------------------------------------------

Upgrade Log for IP 'mb_block_hdmi_text_controller_0_2'

1. Summary
----------

SUCCESS in the upgrade of mb_block_hdmi_text_controller_0_2 (xilinx.com:user:hdmi_text_controller_thissss:1.0) from (Rev. 14) to (Rev. 15)






Copyright 1986-2022 Xilinx, Inc. All Rights Reserved.
------------------------------------------------------------------------------------
| Tool Version : Vivado v.2022.2 (win64) Build 3671981 Fri Oct 14 05:00:03 MDT 2022
| Date         : Wed Dec 11 00:09:11 2024
| Host         : DESKTOP-0G38QBS running 64-bit major release  (build 9200)
| Command      : upgrade_ip
| Device       : xc7s50csga324-1
------------------------------------------------------------------------------------

Upgrade Log for IP 'mb_block_hdmi_text_controller_0_2'

1. Summary
----------

SUCCESS in the upgrade of mb_block_hdmi_text_controller_0_2 (xilinx.com:user:hdmi_text_controller_thissss:1.0) from (Rev. 12) to (Rev. 14)






Copyright 1986-2022 Xilinx, Inc. All Rights Reserved.
------------------------------------------------------------------------------------
| Tool Version : Vivado v.2022.2 (win64) Build 3671981 Fri Oct 14 05:00:03 MDT 2022
| Date         : Wed Dec 11 00:06:47 2024
| Host         : DESKTOP-0G38QBS running 64-bit major release  (build 9200)
| Command      : upgrade_ip
| Device       : xc7s50csga324-1
------------------------------------------------------------------------------------

Upgrade Log for IP 'mb_block_hdmi_text_controller_0_2'

1. Summary
----------

SUCCESS in the upgrade of mb_block_hdmi_text_controller_0_2 (xilinx.com:user:hdmi_text_controller_thissss:1.0) from (Rev. 10) to (Rev. 12)






Copyright 1986-2022 Xilinx, Inc. All Rights Reserved.
------------------------------------------------------------------------------------
| Tool Version : Vivado v.2022.2 (win64) Build 3671981 Fri Oct 14 05:00:03 MDT 2022
| Date         : Wed Dec 11 00:04:44 2024
| Host         : DESKTOP-0G38QBS running 64-bit major release  (build 9200)
| Command      : upgrade_ip
| Device       : xc7s50csga324-1
------------------------------------------------------------------------------------

Upgrade Log for IP 'mb_block_hdmi_text_controller_0_2'

1. Summary
----------

SUCCESS in the upgrade of mb_block_hdmi_text_controller_0_2 (xilinx.com:user:hdmi_text_controller_thissss:1.0) from (Rev. 9) to (Rev. 10)






Copyright 1986-2022 Xilinx, Inc. All Rights Reserved.
------------------------------------------------------------------------------------
| Tool Version : Vivado v.2022.2 (win64) Build 3671981 Fri Oct 14 05:00:03 MDT 2022
| Date         : Tue Dec 10 23:56:43 2024
| Host         : DESKTOP-0G38QBS running 64-bit major release  (build 9200)
| Command      : upgrade_ip
| Device       : xc7s50csga324-1
------------------------------------------------------------------------------------

Upgrade Log for IP 'mb_block_hdmi_text_controller_0_2'

1. Summary
----------

SUCCESS in the upgrade of mb_block_hdmi_text_controller_0_2 (xilinx.com:user:hdmi_text_controller_thissss:1.0) from (Rev. 7) to (Rev. 9)

