
*** Running vivado
    with args -log mb_block_rst_clk_wiz_1_100M_0.vds -m64 -product Vivado -mode batch -messageDb vivado.pb -notrace -source mb_block_rst_clk_wiz_1_100M_0.tcl


****** Vivado v2022.2 (64-bit)
  **** SW Build 3671981 on Fri Oct 14 04:59:54 MDT 2022
  **** IP Build 3669848 on Fri Oct 14 08:30:02 MDT 2022
    ** Copyright 1986-2022 Xilinx, Inc. All Rights Reserved.

source mb_block_rst_clk_wiz_1_100M_0.tcl -notrace
create_project: Time (s): cpu = 00:00:05 ; elapsed = 00:00:05 . Memory (MB): peak = 3172.996 ; gain = 88.129 ; free physical = 25081 ; free virtual = 31321
INFO: [IP_Flow 19-234] Refreshing IP repositories
INFO: [IP_Flow 19-1700] Loaded user IP repository '/home/user/vivado_work_folder/ip_repo/hdmi_text_controller_1_0'.
INFO: [IP_Flow 19-2313] Loaded Vivado IP repository '/home/user/Xilinx/Vivado/2022.2/data/ip'.
INFO: [IP_Flow 19-6924] IPCACHE: Running cache check for IP inst: mb_block_rst_clk_wiz_1_100M_0
Command: synth_design -top mb_block_rst_clk_wiz_1_100M_0 -part xc7s50csga324-1 -incremental_mode off -mode out_of_context
Starting synth_design
Attempting to get a license for feature 'Synthesis' and/or device 'xc7s50'
INFO: [Common 17-349] Got license for feature 'Synthesis' and/or device 'xc7s50'
INFO: [Device 21-403] Loading part xc7s50csga324-1
INFO: [Synth 8-7079] Multithreading enabled for synth_design using a maximum of 4 processes.
INFO: [Synth 8-7078] Launching helper process for spawning children vivado processes
INFO: [Synth 8-7075] Helper process launched with PID 82490
INFO: [Synth 8-11241] undeclared symbol 'REGCCE', assumed default net type 'wire' [/home/user/Xilinx/Vivado/2022.2/data/verilog/src/unimacro/BRAM_SINGLE_MACRO.v:2170]
---------------------------------------------------------------------------------
Starting RTL Elaboration : Time (s): cpu = 00:00:05 ; elapsed = 00:00:06 . Memory (MB): peak = 3926.988 ; gain = 386.164 ; free physical = 15052 ; free virtual = 21011
Synthesis current peak Physical Memory [PSS] (MB): peak = 2056.059; parent = 2044.421; children = 11.638
Synthesis current peak Virtual Memory [VSS] (MB): peak = 7409.352; parent = 3929.988; children = 3479.363
---------------------------------------------------------------------------------
INFO: [Synth 8-638] synthesizing module 'mb_block_rst_clk_wiz_1_100M_0' [/home/user/vivado_work_folder/lab7/lab7.gen/sources_1/bd/mb_block/ip/mb_block_rst_clk_wiz_1_100M_0/synth/mb_block_rst_clk_wiz_1_100M_0.vhd:74]
	Parameter C_FAMILY bound to: spartan7 - type: string 
	Parameter C_EXT_RST_WIDTH bound to: 4 - type: integer 
	Parameter C_AUX_RST_WIDTH bound to: 4 - type: integer 
	Parameter C_EXT_RESET_HIGH bound to: 1'b0 
	Parameter C_AUX_RESET_HIGH bound to: 1'b0 
	Parameter C_NUM_BUS_RST bound to: 1 - type: integer 
	Parameter C_NUM_PERP_RST bound to: 1 - type: integer 
	Parameter C_NUM_INTERCONNECT_ARESETN bound to: 1 - type: integer 
	Parameter C_NUM_PERP_ARESETN bound to: 1 - type: integer 
INFO: [Synth 8-3491] module 'proc_sys_reset' declared at '/home/user/vivado_work_folder/lab7/lab7.gen/sources_1/bd/mb_block/ipshared/8842/hdl/proc_sys_reset_v5_0_vh_rfs.vhd:1264' bound to instance 'U0' of component 'proc_sys_reset' [/home/user/vivado_work_folder/lab7/lab7.gen/sources_1/bd/mb_block/ip/mb_block_rst_clk_wiz_1_100M_0/synth/mb_block_rst_clk_wiz_1_100M_0.vhd:129]
INFO: [Synth 8-638] synthesizing module 'proc_sys_reset' [/home/user/vivado_work_folder/lab7/lab7.gen/sources_1/bd/mb_block/ipshared/8842/hdl/proc_sys_reset_v5_0_vh_rfs.vhd:1323]
	Parameter INIT bound to: 1'b1 
INFO: [Synth 8-113] binding component instance 'FDRE_inst' to cell 'FDRE' [/home/user/vivado_work_folder/lab7/lab7.gen/sources_1/bd/mb_block/ipshared/8842/hdl/proc_sys_reset_v5_0_vh_rfs.vhd:1392]
	Parameter INIT bound to: 1'b1 
INFO: [Synth 8-113] binding component instance 'FDRE_BSR' to cell 'FDRE' [/home/user/vivado_work_folder/lab7/lab7.gen/sources_1/bd/mb_block/ipshared/8842/hdl/proc_sys_reset_v5_0_vh_rfs.vhd:1408]
	Parameter INIT bound to: 1'b0 
INFO: [Synth 8-113] binding component instance 'FDRE_BSR_N' to cell 'FDRE' [/home/user/vivado_work_folder/lab7/lab7.gen/sources_1/bd/mb_block/ipshared/8842/hdl/proc_sys_reset_v5_0_vh_rfs.vhd:1434]
	Parameter INIT bound to: 1'b1 
INFO: [Synth 8-113] binding component instance 'FDRE_PER' to cell 'FDRE' [/home/user/vivado_work_folder/lab7/lab7.gen/sources_1/bd/mb_block/ipshared/8842/hdl/proc_sys_reset_v5_0_vh_rfs.vhd:1457]
	Parameter INIT bound to: 1'b0 
INFO: [Synth 8-113] binding component instance 'FDRE_PER_N' to cell 'FDRE' [/home/user/vivado_work_folder/lab7/lab7.gen/sources_1/bd/mb_block/ipshared/8842/hdl/proc_sys_reset_v5_0_vh_rfs.vhd:1481]
INFO: [Synth 8-638] synthesizing module 'lpf' [/home/user/vivado_work_folder/lab7/lab7.gen/sources_1/bd/mb_block/ipshared/8842/hdl/proc_sys_reset_v5_0_vh_rfs.vhd:816]
INFO: [Synth 8-3491] module 'SRL16' declared at '/home/user/Xilinx/Vivado/2022.2/scripts/rt/data/unisim_comp.v:131628' bound to instance 'POR_SRL_I' of component 'SRL16' [/home/user/vivado_work_folder/lab7/lab7.gen/sources_1/bd/mb_block/ipshared/8842/hdl/proc_sys_reset_v5_0_vh_rfs.vhd:868]
INFO: [Synth 8-6157] synthesizing module 'SRL16' [/home/user/Xilinx/Vivado/2022.2/scripts/rt/data/unisim_comp.v:131628]
INFO: [Synth 8-6155] done synthesizing module 'SRL16' (0#1) [/home/user/Xilinx/Vivado/2022.2/scripts/rt/data/unisim_comp.v:131628]
INFO: [Synth 8-638] synthesizing module 'cdc_sync' [/home/user/vivado_work_folder/lab7/lab7.gen/sources_1/bd/mb_block/ipshared/ef1e/hdl/lib_cdc_v1_0_rfs.vhd:106]
	Parameter INIT bound to: 1'b0 
INFO: [Synth 8-113] binding component instance 'CROSS_PLEVEL_IN2SCNDRY_IN_cdc_to' to cell 'FDR' [/home/user/vivado_work_folder/lab7/lab7.gen/sources_1/bd/mb_block/ipshared/ef1e/hdl/lib_cdc_v1_0_rfs.vhd:514]
	Parameter INIT bound to: 1'b0 
INFO: [Synth 8-113] binding component instance 'CROSS_PLEVEL_IN2SCNDRY_s_level_out_d2' to cell 'FDR' [/home/user/vivado_work_folder/lab7/lab7.gen/sources_1/bd/mb_block/ipshared/ef1e/hdl/lib_cdc_v1_0_rfs.vhd:545]
	Parameter INIT bound to: 1'b0 
INFO: [Synth 8-113] binding component instance 'CROSS_PLEVEL_IN2SCNDRY_s_level_out_d3' to cell 'FDR' [/home/user/vivado_work_folder/lab7/lab7.gen/sources_1/bd/mb_block/ipshared/ef1e/hdl/lib_cdc_v1_0_rfs.vhd:554]
	Parameter INIT bound to: 1'b0 
INFO: [Synth 8-113] binding component instance 'CROSS_PLEVEL_IN2SCNDRY_s_level_out_d4' to cell 'FDR' [/home/user/vivado_work_folder/lab7/lab7.gen/sources_1/bd/mb_block/ipshared/ef1e/hdl/lib_cdc_v1_0_rfs.vhd:564]
	Parameter INIT bound to: 1'b0 
INFO: [Synth 8-113] binding component instance 'CROSS_PLEVEL_IN2SCNDRY_s_level_out_d5' to cell 'FDR' [/home/user/vivado_work_folder/lab7/lab7.gen/sources_1/bd/mb_block/ipshared/ef1e/hdl/lib_cdc_v1_0_rfs.vhd:574]
	Parameter INIT bound to: 1'b0 
INFO: [Synth 8-113] binding component instance 'CROSS_PLEVEL_IN2SCNDRY_s_level_out_d6' to cell 'FDR' [/home/user/vivado_work_folder/lab7/lab7.gen/sources_1/bd/mb_block/ipshared/ef1e/hdl/lib_cdc_v1_0_rfs.vhd:584]
INFO: [Synth 8-256] done synthesizing module 'cdc_sync' (0#1) [/home/user/vivado_work_folder/lab7/lab7.gen/sources_1/bd/mb_block/ipshared/ef1e/hdl/lib_cdc_v1_0_rfs.vhd:106]
INFO: [Synth 8-256] done synthesizing module 'lpf' (0#1) [/home/user/vivado_work_folder/lab7/lab7.gen/sources_1/bd/mb_block/ipshared/8842/hdl/proc_sys_reset_v5_0_vh_rfs.vhd:816]
INFO: [Synth 8-638] synthesizing module 'sequence_psr' [/home/user/vivado_work_folder/lab7/lab7.gen/sources_1/bd/mb_block/ipshared/8842/hdl/proc_sys_reset_v5_0_vh_rfs.vhd:301]
INFO: [Synth 8-638] synthesizing module 'upcnt_n' [/home/user/vivado_work_folder/lab7/lab7.gen/sources_1/bd/mb_block/ipshared/8842/hdl/proc_sys_reset_v5_0_vh_rfs.vhd:125]
INFO: [Synth 8-256] done synthesizing module 'upcnt_n' (0#1) [/home/user/vivado_work_folder/lab7/lab7.gen/sources_1/bd/mb_block/ipshared/8842/hdl/proc_sys_reset_v5_0_vh_rfs.vhd:125]
INFO: [Synth 8-256] done synthesizing module 'sequence_psr' (0#1) [/home/user/vivado_work_folder/lab7/lab7.gen/sources_1/bd/mb_block/ipshared/8842/hdl/proc_sys_reset_v5_0_vh_rfs.vhd:301]
INFO: [Synth 8-256] done synthesizing module 'proc_sys_reset' (0#1) [/home/user/vivado_work_folder/lab7/lab7.gen/sources_1/bd/mb_block/ipshared/8842/hdl/proc_sys_reset_v5_0_vh_rfs.vhd:1323]
INFO: [Synth 8-256] done synthesizing module 'mb_block_rst_clk_wiz_1_100M_0' (0#1) [/home/user/vivado_work_folder/lab7/lab7.gen/sources_1/bd/mb_block/ip/mb_block_rst_clk_wiz_1_100M_0/synth/mb_block_rst_clk_wiz_1_100M_0.vhd:74]
WARNING: [Synth 8-7129] Port prmry_aclk in module cdc_sync is either unconnected or has no load
WARNING: [Synth 8-7129] Port prmry_resetn in module cdc_sync is either unconnected or has no load
WARNING: [Synth 8-7129] Port prmry_vect_in[1] in module cdc_sync is either unconnected or has no load
WARNING: [Synth 8-7129] Port prmry_vect_in[0] in module cdc_sync is either unconnected or has no load
WARNING: [Synth 8-7129] Port scndry_resetn in module cdc_sync is either unconnected or has no load
---------------------------------------------------------------------------------
Finished RTL Elaboration : Time (s): cpu = 00:00:07 ; elapsed = 00:00:14 . Memory (MB): peak = 4011.156 ; gain = 470.332 ; free physical = 10478 ; free virtual = 16733
Synthesis current peak Physical Memory [PSS] (MB): peak = 2287.349; parent = 2129.260; children = 252.640
Synthesis current peak Virtual Memory [VSS] (MB): peak = 8031.453; parent = 4011.156; children = 4020.297
---------------------------------------------------------------------------------
---------------------------------------------------------------------------------
Start Handling Custom Attributes
---------------------------------------------------------------------------------
---------------------------------------------------------------------------------
Finished Handling Custom Attributes : Time (s): cpu = 00:00:07 ; elapsed = 00:00:14 . Memory (MB): peak = 4029.641 ; gain = 488.816 ; free physical = 10471 ; free virtual = 16725
Synthesis current peak Physical Memory [PSS] (MB): peak = 2287.349; parent = 2129.260; children = 252.640
Synthesis current peak Virtual Memory [VSS] (MB): peak = 8049.938; parent = 4029.641; children = 4020.297
---------------------------------------------------------------------------------
---------------------------------------------------------------------------------
Finished RTL Optimization Phase 1 : Time (s): cpu = 00:00:07 ; elapsed = 00:00:14 . Memory (MB): peak = 4029.641 ; gain = 488.816 ; free physical = 10470 ; free virtual = 16725
Synthesis current peak Physical Memory [PSS] (MB): peak = 2287.349; parent = 2129.260; children = 252.640
Synthesis current peak Virtual Memory [VSS] (MB): peak = 8049.938; parent = 4029.641; children = 4020.297
---------------------------------------------------------------------------------
Netlist sorting complete. Time (s): cpu = 00:00:00.01 ; elapsed = 00:00:00 . Memory (MB): peak = 4036.691 ; gain = 0.059 ; free physical = 10449 ; free virtual = 16704
INFO: [Netlist 29-17] Analyzing 13 Unisim elements for replacement
INFO: [Netlist 29-28] Unisim Transformation completed in 0 CPU seconds
INFO: [Project 1-570] Preparing netlist for logic optimization

Processing XDC Constraints
Initializing timing engine
Parsing XDC File [/home/user/vivado_work_folder/lab7/lab7.gen/sources_1/bd/mb_block/ip/mb_block_rst_clk_wiz_1_100M_0/mb_block_rst_clk_wiz_1_100M_0_ooc.xdc] for cell 'U0'
Finished Parsing XDC File [/home/user/vivado_work_folder/lab7/lab7.gen/sources_1/bd/mb_block/ip/mb_block_rst_clk_wiz_1_100M_0/mb_block_rst_clk_wiz_1_100M_0_ooc.xdc] for cell 'U0'
Parsing XDC File [/home/user/vivado_work_folder/lab7/lab7.gen/sources_1/bd/mb_block/ip/mb_block_rst_clk_wiz_1_100M_0/mb_block_rst_clk_wiz_1_100M_0_board.xdc] for cell 'U0'
Finished Parsing XDC File [/home/user/vivado_work_folder/lab7/lab7.gen/sources_1/bd/mb_block/ip/mb_block_rst_clk_wiz_1_100M_0/mb_block_rst_clk_wiz_1_100M_0_board.xdc] for cell 'U0'
Parsing XDC File [/home/user/vivado_work_folder/lab7/lab7.gen/sources_1/bd/mb_block/ip/mb_block_rst_clk_wiz_1_100M_0/mb_block_rst_clk_wiz_1_100M_0.xdc] for cell 'U0'
Finished Parsing XDC File [/home/user/vivado_work_folder/lab7/lab7.gen/sources_1/bd/mb_block/ip/mb_block_rst_clk_wiz_1_100M_0/mb_block_rst_clk_wiz_1_100M_0.xdc] for cell 'U0'
Parsing XDC File [/home/user/vivado_work_folder/lab7/lab7.runs/mb_block_rst_clk_wiz_1_100M_0_synth_1/dont_touch.xdc]
Finished Parsing XDC File [/home/user/vivado_work_folder/lab7/lab7.runs/mb_block_rst_clk_wiz_1_100M_0_synth_1/dont_touch.xdc]
Completed Processing XDC Constraints

Netlist sorting complete. Time (s): cpu = 00:00:00 ; elapsed = 00:00:00 . Memory (MB): peak = 4186.520 ; gain = 0.000 ; free physical = 10387 ; free virtual = 16633
INFO: [Project 1-111] Unisim Transformation Summary:
  A total of 13 instances were transformed.
  FDR => FDRE: 12 instances
  SRL16 => SRL16E: 1 instance 

Constraint Validation Runtime : Time (s): cpu = 00:00:00.06 ; elapsed = 00:00:00.09 . Memory (MB): peak = 4187.270 ; gain = 0.730 ; free physical = 10326 ; free virtual = 16572
INFO: [Designutils 20-5008] Incremental synthesis strategy off
INFO: [Synth 8-11241] undeclared symbol 'REGCCE', assumed default net type 'wire' [/home/user/Xilinx/Vivado/2022.2/data/verilog/src/unimacro/BRAM_SINGLE_MACRO.v:2170]
---------------------------------------------------------------------------------
Finished Constraint Validation : Time (s): cpu = 00:00:13 ; elapsed = 00:00:21 . Memory (MB): peak = 4187.383 ; gain = 646.559 ; free physical = 12696 ; free virtual = 18965
Synthesis current peak Physical Memory [PSS] (MB): peak = 2362.732; parent = 2129.260; children = 252.640
Synthesis current peak Virtual Memory [VSS] (MB): peak = 8182.414; parent = 4162.117; children = 4020.297
---------------------------------------------------------------------------------
---------------------------------------------------------------------------------
Start Loading Part and Timing Information
---------------------------------------------------------------------------------
Loading part: xc7s50csga324-1
---------------------------------------------------------------------------------
Finished Loading Part and Timing Information : Time (s): cpu = 00:00:13 ; elapsed = 00:00:21 . Memory (MB): peak = 4187.383 ; gain = 646.559 ; free physical = 12678 ; free virtual = 18947
Synthesis current peak Physical Memory [PSS] (MB): peak = 2362.732; parent = 2129.260; children = 252.640
Synthesis current peak Virtual Memory [VSS] (MB): peak = 8182.535; parent = 4162.238; children = 4020.297
---------------------------------------------------------------------------------
---------------------------------------------------------------------------------
Start Applying 'set_property' XDC Constraints
---------------------------------------------------------------------------------
Applied set_property KEEP_HIERARCHY = SOFT for U0. (constraint file  /home/user/vivado_work_folder/lab7/lab7.runs/mb_block_rst_clk_wiz_1_100M_0_synth_1/dont_touch.xdc, line 9).
---------------------------------------------------------------------------------
Finished applying 'set_property' XDC Constraints : Time (s): cpu = 00:00:13 ; elapsed = 00:00:21 . Memory (MB): peak = 4187.383 ; gain = 646.559 ; free physical = 12668 ; free virtual = 18937
Synthesis current peak Physical Memory [PSS] (MB): peak = 2362.732; parent = 2129.260; children = 252.640
Synthesis current peak Virtual Memory [VSS] (MB): peak = 8182.586; parent = 4162.289; children = 4020.297
---------------------------------------------------------------------------------
---------------------------------------------------------------------------------
Finished RTL Optimization Phase 2 : Time (s): cpu = 00:00:14 ; elapsed = 00:00:22 . Memory (MB): peak = 4187.383 ; gain = 646.559 ; free physical = 12676 ; free virtual = 18945
Synthesis current peak Physical Memory [PSS] (MB): peak = 2362.732; parent = 2129.260; children = 252.640
Synthesis current peak Virtual Memory [VSS] (MB): peak = 8183.469; parent = 4163.172; children = 4020.297
---------------------------------------------------------------------------------
---------------------------------------------------------------------------------
Start RTL Component Statistics 
---------------------------------------------------------------------------------
Detailed RTL Component Info : 
+---Adders : 
	   2 Input    6 Bit       Adders := 1     
+---Registers : 
	                6 Bit    Registers := 1     
	                3 Bit    Registers := 3     
	                1 Bit    Registers := 8     
+---Muxes : 
	   2 Input    6 Bit        Muxes := 1     
	   2 Input    1 Bit        Muxes := 1     
---------------------------------------------------------------------------------
Finished RTL Component Statistics 
---------------------------------------------------------------------------------
---------------------------------------------------------------------------------
Start Part Resource Summary
---------------------------------------------------------------------------------
Part Resources:
DSPs: 120 (col length:60)
BRAMs: 150 (col length: RAMB18 60 RAMB36 30)
---------------------------------------------------------------------------------
Finished Part Resource Summary
---------------------------------------------------------------------------------
---------------------------------------------------------------------------------
Start Cross Boundary and Area Optimization
---------------------------------------------------------------------------------
WARNING: [Synth 8-7080] Parallel synthesis criteria is not met
WARNING: [Synth 8-3332] Sequential element (EXT_LPF/ACTIVE_LOW_EXT.ACT_LO_EXT/GENERATE_LEVEL_P_S_CDC.SINGLE_BIT.CROSS_PLEVEL_IN2SCNDRY_s_level_out_d5) is unused and will be removed from module proc_sys_reset.
WARNING: [Synth 8-3332] Sequential element (EXT_LPF/ACTIVE_LOW_EXT.ACT_LO_EXT/GENERATE_LEVEL_P_S_CDC.SINGLE_BIT.CROSS_PLEVEL_IN2SCNDRY_s_level_out_d6) is unused and will be removed from module proc_sys_reset.
WARNING: [Synth 8-3332] Sequential element (EXT_LPF/ACTIVE_LOW_AUX.ACT_LO_AUX/GENERATE_LEVEL_P_S_CDC.SINGLE_BIT.CROSS_PLEVEL_IN2SCNDRY_s_level_out_d5) is unused and will be removed from module proc_sys_reset.
WARNING: [Synth 8-3332] Sequential element (EXT_LPF/ACTIVE_LOW_AUX.ACT_LO_AUX/GENERATE_LEVEL_P_S_CDC.SINGLE_BIT.CROSS_PLEVEL_IN2SCNDRY_s_level_out_d6) is unused and will be removed from module proc_sys_reset.
---------------------------------------------------------------------------------
Finished Cross Boundary and Area Optimization : Time (s): cpu = 00:00:15 ; elapsed = 00:00:23 . Memory (MB): peak = 4187.383 ; gain = 646.559 ; free physical = 12562 ; free virtual = 18837
Synthesis current peak Physical Memory [PSS] (MB): peak = 2362.732; parent = 2129.260; children = 252.640
Synthesis current peak Virtual Memory [VSS] (MB): peak = 8184.301; parent = 4164.004; children = 4020.297
---------------------------------------------------------------------------------
---------------------------------------------------------------------------------
Start Applying XDC Timing Constraints
---------------------------------------------------------------------------------
---------------------------------------------------------------------------------
Finished Applying XDC Timing Constraints : Time (s): cpu = 00:00:20 ; elapsed = 00:00:28 . Memory (MB): peak = 4208.238 ; gain = 667.414 ; free physical = 12507 ; free virtual = 18778
Synthesis current peak Physical Memory [PSS] (MB): peak = 2497.333; parent = 2244.188; children = 253.146
Synthesis current peak Virtual Memory [VSS] (MB): peak = 8228.535; parent = 4208.238; children = 4020.297
---------------------------------------------------------------------------------
---------------------------------------------------------------------------------
Start Timing Optimization
---------------------------------------------------------------------------------
---------------------------------------------------------------------------------
Finished Timing Optimization : Time (s): cpu = 00:00:20 ; elapsed = 00:00:28 . Memory (MB): peak = 4208.555 ; gain = 667.730 ; free physical = 12507 ; free virtual = 18778
Synthesis current peak Physical Memory [PSS] (MB): peak = 2497.735; parent = 2244.590; children = 253.146
Synthesis current peak Virtual Memory [VSS] (MB): peak = 8228.852; parent = 4208.555; children = 4020.297
---------------------------------------------------------------------------------
---------------------------------------------------------------------------------
Start Technology Mapping
---------------------------------------------------------------------------------
---------------------------------------------------------------------------------
Finished Technology Mapping : Time (s): cpu = 00:00:20 ; elapsed = 00:00:28 . Memory (MB): peak = 4208.746 ; gain = 667.922 ; free physical = 12444 ; free virtual = 18715
Synthesis current peak Physical Memory [PSS] (MB): peak = 2498.133; parent = 2244.987; children = 253.146
Synthesis current peak Virtual Memory [VSS] (MB): peak = 8229.043; parent = 4208.746; children = 4020.297
---------------------------------------------------------------------------------
---------------------------------------------------------------------------------
Start IO Insertion
---------------------------------------------------------------------------------
---------------------------------------------------------------------------------
Start Flattening Before IO Insertion
---------------------------------------------------------------------------------
---------------------------------------------------------------------------------
Finished Flattening Before IO Insertion
---------------------------------------------------------------------------------
---------------------------------------------------------------------------------
Start Final Netlist Cleanup
---------------------------------------------------------------------------------
---------------------------------------------------------------------------------
Finished Final Netlist Cleanup
---------------------------------------------------------------------------------
---------------------------------------------------------------------------------
Finished IO Insertion : Time (s): cpu = 00:00:24 ; elapsed = 00:00:33 . Memory (MB): peak = 4208.875 ; gain = 668.051 ; free physical = 12671 ; free virtual = 18945
Synthesis current peak Physical Memory [PSS] (MB): peak = 2501.821; parent = 2246.951; children = 255.550
Synthesis current peak Virtual Memory [VSS] (MB): peak = 8229.172; parent = 4208.875; children = 4020.297
---------------------------------------------------------------------------------
---------------------------------------------------------------------------------
Start Renaming Generated Instances
---------------------------------------------------------------------------------
---------------------------------------------------------------------------------
Finished Renaming Generated Instances : Time (s): cpu = 00:00:24 ; elapsed = 00:00:33 . Memory (MB): peak = 4208.891 ; gain = 668.066 ; free physical = 12671 ; free virtual = 18947
Synthesis current peak Physical Memory [PSS] (MB): peak = 2501.845; parent = 2246.951; children = 255.550
Synthesis current peak Virtual Memory [VSS] (MB): peak = 8229.188; parent = 4208.891; children = 4020.297
---------------------------------------------------------------------------------
---------------------------------------------------------------------------------
Start Rebuilding User Hierarchy
---------------------------------------------------------------------------------
---------------------------------------------------------------------------------
Finished Rebuilding User Hierarchy : Time (s): cpu = 00:00:24 ; elapsed = 00:00:33 . Memory (MB): peak = 4208.941 ; gain = 668.117 ; free physical = 12668 ; free virtual = 18946
Synthesis current peak Physical Memory [PSS] (MB): peak = 2501.903; parent = 2246.951; children = 255.550
Synthesis current peak Virtual Memory [VSS] (MB): peak = 8229.238; parent = 4208.941; children = 4020.297
---------------------------------------------------------------------------------
---------------------------------------------------------------------------------
Start Renaming Generated Ports
---------------------------------------------------------------------------------
---------------------------------------------------------------------------------
Finished Renaming Generated Ports : Time (s): cpu = 00:00:24 ; elapsed = 00:00:33 . Memory (MB): peak = 4208.949 ; gain = 668.125 ; free physical = 12662 ; free virtual = 18941
Synthesis current peak Physical Memory [PSS] (MB): peak = 2501.903; parent = 2246.951; children = 255.550
Synthesis current peak Virtual Memory [VSS] (MB): peak = 8229.246; parent = 4208.949; children = 4020.297
---------------------------------------------------------------------------------
---------------------------------------------------------------------------------
Start Handling Custom Attributes
---------------------------------------------------------------------------------
---------------------------------------------------------------------------------
Finished Handling Custom Attributes : Time (s): cpu = 00:00:24 ; elapsed = 00:00:33 . Memory (MB): peak = 4208.973 ; gain = 668.148 ; free physical = 12666 ; free virtual = 18946
Synthesis current peak Physical Memory [PSS] (MB): peak = 2501.903; parent = 2246.951; children = 255.550
Synthesis current peak Virtual Memory [VSS] (MB): peak = 8229.270; parent = 4208.973; children = 4020.297
---------------------------------------------------------------------------------
---------------------------------------------------------------------------------
Start Renaming Generated Nets
---------------------------------------------------------------------------------
---------------------------------------------------------------------------------
Finished Renaming Generated Nets : Time (s): cpu = 00:00:24 ; elapsed = 00:00:33 . Memory (MB): peak = 4208.977 ; gain = 668.152 ; free physical = 12664 ; free virtual = 18944
Synthesis current peak Physical Memory [PSS] (MB): peak = 2501.923; parent = 2246.951; children = 255.550
Synthesis current peak Virtual Memory [VSS] (MB): peak = 8229.273; parent = 4208.977; children = 4020.297
---------------------------------------------------------------------------------
---------------------------------------------------------------------------------
Start Writing Synthesis Report
---------------------------------------------------------------------------------

Report BlackBoxes: 
+-+--------------+----------+
| |BlackBox name |Instances |
+-+--------------+----------+
+-+--------------+----------+

Report Cell Usage: 
+------+------+------+
|      |Cell  |Count |
+------+------+------+
|1     |LUT1  |     5|
|2     |LUT2  |     9|
|3     |LUT3  |     1|
|4     |LUT4  |     6|
|5     |LUT5  |     3|
|6     |LUT6  |     1|
|7     |SRL16 |     1|
|8     |FDR   |     8|
|9     |FDRE  |    28|
|10    |FDSE  |     4|
+------+------+------+
---------------------------------------------------------------------------------
Finished Writing Synthesis Report : Time (s): cpu = 00:00:24 ; elapsed = 00:00:33 . Memory (MB): peak = 4209.004 ; gain = 668.180 ; free physical = 12656 ; free virtual = 18936
Synthesis current peak Physical Memory [PSS] (MB): peak = 2501.965; parent = 2246.951; children = 255.550
Synthesis current peak Virtual Memory [VSS] (MB): peak = 8229.301; parent = 4209.004; children = 4020.297
---------------------------------------------------------------------------------
Synthesis finished with 0 errors, 0 critical warnings and 5 warnings.
Synthesis Optimization Runtime : Time (s): cpu = 00:00:22 ; elapsed = 00:00:30 . Memory (MB): peak = 4209.039 ; gain = 510.473 ; free physical = 12643 ; free virtual = 18927
Synthesis Optimization Complete : Time (s): cpu = 00:00:24 ; elapsed = 00:00:33 . Memory (MB): peak = 4209.070 ; gain = 668.215 ; free physical = 12638 ; free virtual = 18922
INFO: [Project 1-571] Translating synthesized netlist
Netlist sorting complete. Time (s): cpu = 00:00:00 ; elapsed = 00:00:00 . Memory (MB): peak = 4209.090 ; gain = 0.000 ; free physical = 12638 ; free virtual = 18922
INFO: [Netlist 29-17] Analyzing 9 Unisim elements for replacement
INFO: [Netlist 29-28] Unisim Transformation completed in 0 CPU seconds
INFO: [Project 1-570] Preparing netlist for logic optimization
INFO: [Opt 31-138] Pushed 0 inverter(s) to 0 load pin(s).
Netlist sorting complete. Time (s): cpu = 00:00:00 ; elapsed = 00:00:00 . Memory (MB): peak = 4235.406 ; gain = 0.000 ; free physical = 12781 ; free virtual = 19056
INFO: [Project 1-111] Unisim Transformation Summary:
  A total of 9 instances were transformed.
  FDR => FDRE: 8 instances
  SRL16 => SRL16E: 1 instance 

Synth Design complete, checksum: b1b29136
INFO: [Common 17-83] Releasing license: Synthesis
50 Infos, 10 Warnings, 0 Critical Warnings and 0 Errors encountered.
synth_design completed successfully
synth_design: Time (s): cpu = 00:00:35 ; elapsed = 00:00:39 . Memory (MB): peak = 4235.477 ; gain = 1027.887 ; free physical = 12937 ; free virtual = 19213
INFO: [Common 17-1381] The checkpoint '/home/user/vivado_work_folder/lab7/lab7.runs/mb_block_rst_clk_wiz_1_100M_0_synth_1/mb_block_rst_clk_wiz_1_100M_0.dcp' has been generated.
INFO: [Coretcl 2-1648] Added synthesis output to IP cache for IP mb_block_rst_clk_wiz_1_100M_0, cache-ID = 792adf34df1c7c56
INFO: [Coretcl 2-1174] Renamed 6 cell refs.
INFO: [Common 17-1381] The checkpoint '/home/user/vivado_work_folder/lab7/lab7.runs/mb_block_rst_clk_wiz_1_100M_0_synth_1/mb_block_rst_clk_wiz_1_100M_0.dcp' has been generated.
INFO: [runtcl-4] Executing : report_utilization -file mb_block_rst_clk_wiz_1_100M_0_utilization_synth.rpt -pb mb_block_rst_clk_wiz_1_100M_0_utilization_synth.pb
INFO: [Common 17-206] Exiting Vivado at Tue Oct 29 22:00:00 2024...
