
*** Running vivado
    with args -log mb_usb_hdmi_top.vds -m64 -product Vivado -mode batch -messageDb vivado.pb -notrace -source mb_usb_hdmi_top.tcl



****** Vivado v2022.2 (64-bit)
  **** SW Build 3671981 on Fri Oct 14 05:00:03 MDT 2022
  **** IP Build 3669848 on Fri Oct 14 08:30:02 MDT 2022
    ** Copyright 1986-2022 Xilinx, Inc. All Rights Reserved.

source mb_usb_hdmi_top.tcl -notrace
create_project: Time (s): cpu = 00:00:09 ; elapsed = 00:00:09 . Memory (MB): peak = 372.238 ; gain = 50.402
INFO: [IP_Flow 19-234] Refreshing IP repositories
INFO: [IP_Flow 19-1700] Loaded user IP repository 'c:/Users/Aaro/Desktop/385/NDS_Capture_385/ip_repo'.
INFO: [IP_Flow 19-1700] Loaded user IP repository 'c:/Users/Aaro/Desktop/385/NDS_Capture_385/7_1_guyanw2/ip_repo/hdmi_text_controller_1_0'.
WARNING: [IP_Flow 19-2248] Failed to load user IP repository 'c:/Users/Aaro/Desktop/385/NDS_Capture_385/7_1_guyanw2/hdmi_tx_1.0'; Can't find the specified path.
If this directory should no longer be in your list of user repositories, go to the IP Settings dialog and remove it.
INFO: [IP_Flow 19-1700] Loaded user IP repository 'c:/Users/Aaro/Documents/GitHub/ece385/RD_hdmi_ip2020'.
INFO: [IP_Flow 19-1700] Loaded user IP repository 'c:/Users/Aaro/Documents/GitHub/ece385/ip_repo_asz'.
INFO: [IP_Flow 19-2313] Loaded Vivado IP repository 'C:/Xilinx2022/Vivado/2022.2/data/ip'.
Command: read_checkpoint -auto_incremental -incremental C:/Users/Aaro/Desktop/385/NDS_Capture_385/7_1_guyanw2/lab7/lab7.srcs/utils_1/imports/synth_1/mb_usb_hdmi_top.dcp
INFO: [Vivado 12-5825] Read reference checkpoint from C:/Users/Aaro/Desktop/385/NDS_Capture_385/7_1_guyanw2/lab7/lab7.srcs/utils_1/imports/synth_1/mb_usb_hdmi_top.dcp for incremental synthesis
INFO: [Vivado 12-7989] Please ensure there are no constraint changes
Command: synth_design -top mb_usb_hdmi_top -part xc7s50csga324-1
Starting synth_design
Attempting to get a license for feature 'Synthesis' and/or device 'xc7s50'
INFO: [Common 17-349] Got license for feature 'Synthesis' and/or device 'xc7s50'
INFO: [Device 21-403] Loading part xc7s50csga324-1
INFO: [Designutils 20-5440] No compile time benefit to using incremental synthesis; A full resynthesis will be run
INFO: [Designutils 20-4379] Flow is switching to default flow due to incremental criteria not met. If you would like to alter this behaviour and have the flow terminate instead, please set the following parameter config_implementation {autoIncr.Synth.RejectBehavior Terminate}
INFO: [Synth 8-7079] Multithreading enabled for synth_design using a maximum of 2 processes.
INFO: [Synth 8-7078] Launching helper process for spawning children vivado processes
INFO: [Synth 8-7075] Helper process launched with PID 33312
INFO: [Synth 8-11241] undeclared symbol 'REGCCE', assumed default net type 'wire' [C:/Xilinx2022/Vivado/2022.2/data/verilog/src/unimacro/BRAM_SINGLE_MACRO.v:2170]
---------------------------------------------------------------------------------
Starting RTL Elaboration : Time (s): cpu = 00:00:10 ; elapsed = 00:00:11 . Memory (MB): peak = 1214.215 ; gain = 410.578
---------------------------------------------------------------------------------
INFO: [Synth 8-6157] synthesizing module 'mb_usb_hdmi_top' [C:/Users/Aaro/Desktop/385/NDS_Capture_385/7_1_guyanw2/lab7_1_provided_fa24/mb_usb_hdmi_top.sv:14]
INFO: [Synth 8-6157] synthesizing module 'BUFG' [C:/Xilinx2022/Vivado/2022.2/scripts/rt/data/unisim_comp.v:1082]
INFO: [Synth 8-6155] done synthesizing module 'BUFG' (0#1) [C:/Xilinx2022/Vivado/2022.2/scripts/rt/data/unisim_comp.v:1082]
INFO: [Synth 8-6157] synthesizing module 'pins_xor' [C:/Users/Aaro/Desktop/385/NDS_Capture_385/7_1_guyanw2/lab7/lab7.srcs/sources_1/imports/new/pins_xor.sv:24]
INFO: [Synth 8-6155] done synthesizing module 'pins_xor' (0#1) [C:/Users/Aaro/Desktop/385/NDS_Capture_385/7_1_guyanw2/lab7/lab7.srcs/sources_1/imports/new/pins_xor.sv:24]
INFO: [Synth 8-6157] synthesizing module 'mb_block' [c:/Users/Aaro/Desktop/385/NDS_Capture_385/7_1_guyanw2/lab7/lab7.gen/sources_1/bd/mb_block/synth/mb_block.v:422]
INFO: [Synth 8-6157] synthesizing module 'mb_block_axi_uartlite_0_2' [C:/Users/Aaro/Desktop/385/NDS_Capture_385/7_1_guyanw2/lab7/lab7.runs/synth_1/.Xil/Vivado-31648-DESKTOP-0G38QBS/realtime/mb_block_axi_uartlite_0_2_stub.v:5]
INFO: [Synth 8-6155] done synthesizing module 'mb_block_axi_uartlite_0_2' (0#1) [C:/Users/Aaro/Desktop/385/NDS_Capture_385/7_1_guyanw2/lab7/lab7.runs/synth_1/.Xil/Vivado-31648-DESKTOP-0G38QBS/realtime/mb_block_axi_uartlite_0_2_stub.v:5]
INFO: [Synth 8-6157] synthesizing module 'mb_block_clk_wiz_0_0' [C:/Users/Aaro/Desktop/385/NDS_Capture_385/7_1_guyanw2/lab7/lab7.runs/synth_1/.Xil/Vivado-31648-DESKTOP-0G38QBS/realtime/mb_block_clk_wiz_0_0_stub.v:5]
INFO: [Synth 8-6155] done synthesizing module 'mb_block_clk_wiz_0_0' (0#1) [C:/Users/Aaro/Desktop/385/NDS_Capture_385/7_1_guyanw2/lab7/lab7.runs/synth_1/.Xil/Vivado-31648-DESKTOP-0G38QBS/realtime/mb_block_clk_wiz_0_0_stub.v:5]
WARNING: [Synth 8-7071] port 'locked' of module 'mb_block_clk_wiz_0_0' is unconnected for instance 'clk_wiz_0' [c:/Users/Aaro/Desktop/385/NDS_Capture_385/7_1_guyanw2/lab7/lab7.gen/sources_1/bd/mb_block/synth/mb_block.v:651]
WARNING: [Synth 8-7023] instance 'clk_wiz_0' of module 'mb_block_clk_wiz_0_0' has 4 connections declared, but only 3 given [c:/Users/Aaro/Desktop/385/NDS_Capture_385/7_1_guyanw2/lab7/lab7.gen/sources_1/bd/mb_block/synth/mb_block.v:651]
INFO: [Synth 8-6157] synthesizing module 'mb_block_hdmi_text_controller_0_2' [C:/Users/Aaro/Desktop/385/NDS_Capture_385/7_1_guyanw2/lab7/lab7.runs/synth_1/.Xil/Vivado-31648-DESKTOP-0G38QBS/realtime/mb_block_hdmi_text_controller_0_2_stub.v:5]
INFO: [Synth 8-6155] done synthesizing module 'mb_block_hdmi_text_controller_0_2' (0#1) [C:/Users/Aaro/Desktop/385/NDS_Capture_385/7_1_guyanw2/lab7/lab7.runs/synth_1/.Xil/Vivado-31648-DESKTOP-0G38QBS/realtime/mb_block_hdmi_text_controller_0_2_stub.v:5]
INFO: [Synth 8-6157] synthesizing module 'mb_block_mdm_1_0' [C:/Users/Aaro/Desktop/385/NDS_Capture_385/7_1_guyanw2/lab7/lab7.runs/synth_1/.Xil/Vivado-31648-DESKTOP-0G38QBS/realtime/mb_block_mdm_1_0_stub.v:5]
INFO: [Synth 8-6155] done synthesizing module 'mb_block_mdm_1_0' (0#1) [C:/Users/Aaro/Desktop/385/NDS_Capture_385/7_1_guyanw2/lab7/lab7.runs/synth_1/.Xil/Vivado-31648-DESKTOP-0G38QBS/realtime/mb_block_mdm_1_0_stub.v:5]
INFO: [Synth 8-6157] synthesizing module 'mb_block_microblaze_0_1' [C:/Users/Aaro/Desktop/385/NDS_Capture_385/7_1_guyanw2/lab7/lab7.runs/synth_1/.Xil/Vivado-31648-DESKTOP-0G38QBS/realtime/mb_block_microblaze_0_1_stub.v:5]
INFO: [Synth 8-6155] done synthesizing module 'mb_block_microblaze_0_1' (0#1) [C:/Users/Aaro/Desktop/385/NDS_Capture_385/7_1_guyanw2/lab7/lab7.runs/synth_1/.Xil/Vivado-31648-DESKTOP-0G38QBS/realtime/mb_block_microblaze_0_1_stub.v:5]
WARNING: [Synth 8-7071] port 'Interrupt_Ack' of module 'mb_block_microblaze_0_1' is unconnected for instance 'microblaze_0' [c:/Users/Aaro/Desktop/385/NDS_Capture_385/7_1_guyanw2/lab7/lab7.gen/sources_1/bd/mb_block/synth/mb_block.v:713]
WARNING: [Synth 8-7023] instance 'microblaze_0' of module 'mb_block_microblaze_0_1' has 33 connections declared, but only 32 given [c:/Users/Aaro/Desktop/385/NDS_Capture_385/7_1_guyanw2/lab7/lab7.gen/sources_1/bd/mb_block/synth/mb_block.v:713]
INFO: [Synth 8-6157] synthesizing module 'mb_block_microblaze_0_axi_intc_0' [C:/Users/Aaro/Desktop/385/NDS_Capture_385/7_1_guyanw2/lab7/lab7.runs/synth_1/.Xil/Vivado-31648-DESKTOP-0G38QBS/realtime/mb_block_microblaze_0_axi_intc_0_stub.v:5]
INFO: [Synth 8-6155] done synthesizing module 'mb_block_microblaze_0_axi_intc_0' (0#1) [C:/Users/Aaro/Desktop/385/NDS_Capture_385/7_1_guyanw2/lab7/lab7.runs/synth_1/.Xil/Vivado-31648-DESKTOP-0G38QBS/realtime/mb_block_microblaze_0_axi_intc_0_stub.v:5]
WARNING: [Synth 8-7071] port 'irq' of module 'mb_block_microblaze_0_axi_intc_0' is unconnected for instance 'microblaze_0_axi_intc' [c:/Users/Aaro/Desktop/385/NDS_Capture_385/7_1_guyanw2/lab7/lab7.gen/sources_1/bd/mb_block/synth/mb_block.v:746]
WARNING: [Synth 8-7071] port 'interrupt_address' of module 'mb_block_microblaze_0_axi_intc_0' is unconnected for instance 'microblaze_0_axi_intc' [c:/Users/Aaro/Desktop/385/NDS_Capture_385/7_1_guyanw2/lab7/lab7.gen/sources_1/bd/mb_block/synth/mb_block.v:746]
WARNING: [Synth 8-7023] instance 'microblaze_0_axi_intc' of module 'mb_block_microblaze_0_axi_intc_0' has 25 connections declared, but only 23 given [c:/Users/Aaro/Desktop/385/NDS_Capture_385/7_1_guyanw2/lab7/lab7.gen/sources_1/bd/mb_block/synth/mb_block.v:746]
INFO: [Synth 8-6157] synthesizing module 'mb_block_microblaze_0_axi_periph_0' [c:/Users/Aaro/Desktop/385/NDS_Capture_385/7_1_guyanw2/lab7/lab7.gen/sources_1/bd/mb_block/synth/mb_block.v:863]
INFO: [Synth 8-6157] synthesizing module 'm00_couplers_imp_1TK4492' [c:/Users/Aaro/Desktop/385/NDS_Capture_385/7_1_guyanw2/lab7/lab7.gen/sources_1/bd/mb_block/synth/mb_block.v:12]
INFO: [Synth 8-6155] done synthesizing module 'm00_couplers_imp_1TK4492' (0#1) [c:/Users/Aaro/Desktop/385/NDS_Capture_385/7_1_guyanw2/lab7/lab7.gen/sources_1/bd/mb_block/synth/mb_block.v:12]
INFO: [Synth 8-6157] synthesizing module 'm01_couplers_imp_UT2LJ' [c:/Users/Aaro/Desktop/385/NDS_Capture_385/7_1_guyanw2/lab7/lab7.gen/sources_1/bd/mb_block/synth/mb_block.v:144]
INFO: [Synth 8-6155] done synthesizing module 'm01_couplers_imp_UT2LJ' (0#1) [c:/Users/Aaro/Desktop/385/NDS_Capture_385/7_1_guyanw2/lab7/lab7.gen/sources_1/bd/mb_block/synth/mb_block.v:144]
INFO: [Synth 8-6157] synthesizing module 'm02_couplers_imp_1ST4AV9' [c:/Users/Aaro/Desktop/385/NDS_Capture_385/7_1_guyanw2/lab7/lab7.gen/sources_1/bd/mb_block/synth/mb_block.v:276]
INFO: [Synth 8-6155] done synthesizing module 'm02_couplers_imp_1ST4AV9' (0#1) [c:/Users/Aaro/Desktop/385/NDS_Capture_385/7_1_guyanw2/lab7/lab7.gen/sources_1/bd/mb_block/synth/mb_block.v:276]
INFO: [Synth 8-6157] synthesizing module 's00_couplers_imp_5YIJ0K' [c:/Users/Aaro/Desktop/385/NDS_Capture_385/7_1_guyanw2/lab7/lab7.gen/sources_1/bd/mb_block/synth/mb_block.v:1459]
INFO: [Synth 8-6155] done synthesizing module 's00_couplers_imp_5YIJ0K' (0#1) [c:/Users/Aaro/Desktop/385/NDS_Capture_385/7_1_guyanw2/lab7/lab7.gen/sources_1/bd/mb_block/synth/mb_block.v:1459]
INFO: [Synth 8-6157] synthesizing module 'mb_block_xbar_0' [C:/Users/Aaro/Desktop/385/NDS_Capture_385/7_1_guyanw2/lab7/lab7.runs/synth_1/.Xil/Vivado-31648-DESKTOP-0G38QBS/realtime/mb_block_xbar_0_stub.v:5]
INFO: [Synth 8-6155] done synthesizing module 'mb_block_xbar_0' (0#1) [C:/Users/Aaro/Desktop/385/NDS_Capture_385/7_1_guyanw2/lab7/lab7.runs/synth_1/.Xil/Vivado-31648-DESKTOP-0G38QBS/realtime/mb_block_xbar_0_stub.v:5]
INFO: [Synth 8-6155] done synthesizing module 'mb_block_microblaze_0_axi_periph_0' (0#1) [c:/Users/Aaro/Desktop/385/NDS_Capture_385/7_1_guyanw2/lab7/lab7.gen/sources_1/bd/mb_block/synth/mb_block.v:863]
INFO: [Synth 8-6157] synthesizing module 'mb_block_rst_clk_wiz_1_100M_0' [C:/Users/Aaro/Desktop/385/NDS_Capture_385/7_1_guyanw2/lab7/lab7.runs/synth_1/.Xil/Vivado-31648-DESKTOP-0G38QBS/realtime/mb_block_rst_clk_wiz_1_100M_0_stub.v:5]
INFO: [Synth 8-6155] done synthesizing module 'mb_block_rst_clk_wiz_1_100M_0' (0#1) [C:/Users/Aaro/Desktop/385/NDS_Capture_385/7_1_guyanw2/lab7/lab7.runs/synth_1/.Xil/Vivado-31648-DESKTOP-0G38QBS/realtime/mb_block_rst_clk_wiz_1_100M_0_stub.v:5]
WARNING: [Synth 8-7071] port 'bus_struct_reset' of module 'mb_block_rst_clk_wiz_1_100M_0' is unconnected for instance 'rst_clk_wiz_1_100M' [c:/Users/Aaro/Desktop/385/NDS_Capture_385/7_1_guyanw2/lab7/lab7.gen/sources_1/bd/mb_block/synth/mb_block.v:853]
WARNING: [Synth 8-7071] port 'peripheral_reset' of module 'mb_block_rst_clk_wiz_1_100M_0' is unconnected for instance 'rst_clk_wiz_1_100M' [c:/Users/Aaro/Desktop/385/NDS_Capture_385/7_1_guyanw2/lab7/lab7.gen/sources_1/bd/mb_block/synth/mb_block.v:853]
WARNING: [Synth 8-7071] port 'interconnect_aresetn' of module 'mb_block_rst_clk_wiz_1_100M_0' is unconnected for instance 'rst_clk_wiz_1_100M' [c:/Users/Aaro/Desktop/385/NDS_Capture_385/7_1_guyanw2/lab7/lab7.gen/sources_1/bd/mb_block/synth/mb_block.v:853]
WARNING: [Synth 8-7023] instance 'rst_clk_wiz_1_100M' of module 'mb_block_rst_clk_wiz_1_100M_0' has 10 connections declared, but only 7 given [c:/Users/Aaro/Desktop/385/NDS_Capture_385/7_1_guyanw2/lab7/lab7.gen/sources_1/bd/mb_block/synth/mb_block.v:853]
INFO: [Synth 8-6155] done synthesizing module 'mb_block' (0#1) [c:/Users/Aaro/Desktop/385/NDS_Capture_385/7_1_guyanw2/lab7/lab7.gen/sources_1/bd/mb_block/synth/mb_block.v:422]
INFO: [Synth 8-6155] done synthesizing module 'mb_usb_hdmi_top' (0#1) [C:/Users/Aaro/Desktop/385/NDS_Capture_385/7_1_guyanw2/lab7_1_provided_fa24/mb_usb_hdmi_top.sv:14]
WARNING: [Synth 8-3848] Net hex_segA in module/entity mb_usb_hdmi_top does not have driver. [C:/Users/Aaro/Desktop/385/NDS_Capture_385/7_1_guyanw2/lab7_1_provided_fa24/mb_usb_hdmi_top.sv:69]
WARNING: [Synth 8-3848] Net hex_gridA in module/entity mb_usb_hdmi_top does not have driver. [C:/Users/Aaro/Desktop/385/NDS_Capture_385/7_1_guyanw2/lab7_1_provided_fa24/mb_usb_hdmi_top.sv:70]
WARNING: [Synth 8-3848] Net hex_segB in module/entity mb_usb_hdmi_top does not have driver. [C:/Users/Aaro/Desktop/385/NDS_Capture_385/7_1_guyanw2/lab7_1_provided_fa24/mb_usb_hdmi_top.sv:71]
WARNING: [Synth 8-3848] Net hex_gridB in module/entity mb_usb_hdmi_top does not have driver. [C:/Users/Aaro/Desktop/385/NDS_Capture_385/7_1_guyanw2/lab7_1_provided_fa24/mb_usb_hdmi_top.sv:72]
WARNING: [Synth 8-3848] Net clk in module/entity mb_usb_hdmi_top does not have driver. [C:/Users/Aaro/Desktop/385/NDS_Capture_385/7_1_guyanw2/lab7_1_provided_fa24/mb_usb_hdmi_top.sv:76]
WARNING: [Synth 8-7129] Port M_ACLK in module s00_couplers_imp_5YIJ0K is either unconnected or has no load
WARNING: [Synth 8-7129] Port M_ARESETN in module s00_couplers_imp_5YIJ0K is either unconnected or has no load
WARNING: [Synth 8-7129] Port S_ACLK in module s00_couplers_imp_5YIJ0K is either unconnected or has no load
WARNING: [Synth 8-7129] Port S_ARESETN in module s00_couplers_imp_5YIJ0K is either unconnected or has no load
WARNING: [Synth 8-7129] Port M_ACLK in module m02_couplers_imp_1ST4AV9 is either unconnected or has no load
WARNING: [Synth 8-7129] Port M_ARESETN in module m02_couplers_imp_1ST4AV9 is either unconnected or has no load
WARNING: [Synth 8-7129] Port S_ACLK in module m02_couplers_imp_1ST4AV9 is either unconnected or has no load
WARNING: [Synth 8-7129] Port S_ARESETN in module m02_couplers_imp_1ST4AV9 is either unconnected or has no load
WARNING: [Synth 8-7129] Port M_ACLK in module m01_couplers_imp_UT2LJ is either unconnected or has no load
WARNING: [Synth 8-7129] Port M_ARESETN in module m01_couplers_imp_UT2LJ is either unconnected or has no load
WARNING: [Synth 8-7129] Port S_ACLK in module m01_couplers_imp_UT2LJ is either unconnected or has no load
WARNING: [Synth 8-7129] Port S_ARESETN in module m01_couplers_imp_UT2LJ is either unconnected or has no load
WARNING: [Synth 8-7129] Port M_ACLK in module m00_couplers_imp_1TK4492 is either unconnected or has no load
WARNING: [Synth 8-7129] Port M_ARESETN in module m00_couplers_imp_1TK4492 is either unconnected or has no load
WARNING: [Synth 8-7129] Port S_ACLK in module m00_couplers_imp_1TK4492 is either unconnected or has no load
WARNING: [Synth 8-7129] Port S_ARESETN in module m00_couplers_imp_1TK4492 is either unconnected or has no load
WARNING: [Synth 8-7129] Port M00_ACLK in module mb_block_microblaze_0_axi_periph_0 is either unconnected or has no load
WARNING: [Synth 8-7129] Port M00_ARESETN in module mb_block_microblaze_0_axi_periph_0 is either unconnected or has no load
WARNING: [Synth 8-7129] Port M01_ACLK in module mb_block_microblaze_0_axi_periph_0 is either unconnected or has no load
WARNING: [Synth 8-7129] Port M01_ARESETN in module mb_block_microblaze_0_axi_periph_0 is either unconnected or has no load
WARNING: [Synth 8-7129] Port M02_ACLK in module mb_block_microblaze_0_axi_periph_0 is either unconnected or has no load
WARNING: [Synth 8-7129] Port M02_ARESETN in module mb_block_microblaze_0_axi_periph_0 is either unconnected or has no load
WARNING: [Synth 8-7129] Port S00_ACLK in module mb_block_microblaze_0_axi_periph_0 is either unconnected or has no load
WARNING: [Synth 8-7129] Port S00_ARESETN in module mb_block_microblaze_0_axi_periph_0 is either unconnected or has no load
WARNING: [Synth 8-7129] Port DCLK in module pins_xor is either unconnected or has no load
WARNING: [Synth 8-7129] Port hex_segA[7] in module mb_usb_hdmi_top is either unconnected or has no load
WARNING: [Synth 8-7129] Port hex_segA[6] in module mb_usb_hdmi_top is either unconnected or has no load
WARNING: [Synth 8-7129] Port hex_segA[5] in module mb_usb_hdmi_top is either unconnected or has no load
WARNING: [Synth 8-7129] Port hex_segA[4] in module mb_usb_hdmi_top is either unconnected or has no load
WARNING: [Synth 8-7129] Port hex_segA[3] in module mb_usb_hdmi_top is either unconnected or has no load
WARNING: [Synth 8-7129] Port hex_segA[2] in module mb_usb_hdmi_top is either unconnected or has no load
WARNING: [Synth 8-7129] Port hex_segA[1] in module mb_usb_hdmi_top is either unconnected or has no load
WARNING: [Synth 8-7129] Port hex_segA[0] in module mb_usb_hdmi_top is either unconnected or has no load
WARNING: [Synth 8-7129] Port hex_gridA[3] in module mb_usb_hdmi_top is either unconnected or has no load
WARNING: [Synth 8-7129] Port hex_gridA[2] in module mb_usb_hdmi_top is either unconnected or has no load
WARNING: [Synth 8-7129] Port hex_gridA[1] in module mb_usb_hdmi_top is either unconnected or has no load
WARNING: [Synth 8-7129] Port hex_gridA[0] in module mb_usb_hdmi_top is either unconnected or has no load
WARNING: [Synth 8-7129] Port hex_segB[7] in module mb_usb_hdmi_top is either unconnected or has no load
WARNING: [Synth 8-7129] Port hex_segB[6] in module mb_usb_hdmi_top is either unconnected or has no load
WARNING: [Synth 8-7129] Port hex_segB[5] in module mb_usb_hdmi_top is either unconnected or has no load
WARNING: [Synth 8-7129] Port hex_segB[4] in module mb_usb_hdmi_top is either unconnected or has no load
WARNING: [Synth 8-7129] Port hex_segB[3] in module mb_usb_hdmi_top is either unconnected or has no load
WARNING: [Synth 8-7129] Port hex_segB[2] in module mb_usb_hdmi_top is either unconnected or has no load
WARNING: [Synth 8-7129] Port hex_segB[1] in module mb_usb_hdmi_top is either unconnected or has no load
WARNING: [Synth 8-7129] Port hex_segB[0] in module mb_usb_hdmi_top is either unconnected or has no load
WARNING: [Synth 8-7129] Port hex_gridB[3] in module mb_usb_hdmi_top is either unconnected or has no load
WARNING: [Synth 8-7129] Port hex_gridB[2] in module mb_usb_hdmi_top is either unconnected or has no load
WARNING: [Synth 8-7129] Port hex_gridB[1] in module mb_usb_hdmi_top is either unconnected or has no load
WARNING: [Synth 8-7129] Port hex_gridB[0] in module mb_usb_hdmi_top is either unconnected or has no load
---------------------------------------------------------------------------------
Finished RTL Elaboration : Time (s): cpu = 00:00:14 ; elapsed = 00:00:15 . Memory (MB): peak = 1308.957 ; gain = 505.320
---------------------------------------------------------------------------------
---------------------------------------------------------------------------------
Start Handling Custom Attributes
---------------------------------------------------------------------------------
---------------------------------------------------------------------------------
Finished Handling Custom Attributes : Time (s): cpu = 00:00:14 ; elapsed = 00:00:15 . Memory (MB): peak = 1308.957 ; gain = 505.320
---------------------------------------------------------------------------------
---------------------------------------------------------------------------------
Finished RTL Optimization Phase 1 : Time (s): cpu = 00:00:14 ; elapsed = 00:00:15 . Memory (MB): peak = 1308.957 ; gain = 505.320
---------------------------------------------------------------------------------
Netlist sorting complete. Time (s): cpu = 00:00:01 ; elapsed = 00:00:00.047 . Memory (MB): peak = 1308.957 ; gain = 0.000
INFO: [Project 1-570] Preparing netlist for logic optimization

Processing XDC Constraints
Initializing timing engine
Parsing XDC File [c:/Users/Aaro/Desktop/385/NDS_Capture_385/7_1_guyanw2/lab7/lab7.gen/sources_1/bd/mb_block/ip/mb_block_xbar_0/mb_block_xbar_0/mb_block_xbar_0_in_context.xdc] for cell 'mb_block_i/microblaze_0_axi_periph/xbar'
Finished Parsing XDC File [c:/Users/Aaro/Desktop/385/NDS_Capture_385/7_1_guyanw2/lab7/lab7.gen/sources_1/bd/mb_block/ip/mb_block_xbar_0/mb_block_xbar_0/mb_block_xbar_0_in_context.xdc] for cell 'mb_block_i/microblaze_0_axi_periph/xbar'
Parsing XDC File [c:/Users/Aaro/Desktop/385/NDS_Capture_385/7_1_guyanw2/lab7/lab7.gen/sources_1/bd/mb_block/ip/mb_block_microblaze_0_axi_intc_0/mb_block_microblaze_0_axi_intc_0/mb_block_microblaze_0_axi_intc_0_in_context.xdc] for cell 'mb_block_i/microblaze_0_axi_intc'
Finished Parsing XDC File [c:/Users/Aaro/Desktop/385/NDS_Capture_385/7_1_guyanw2/lab7/lab7.gen/sources_1/bd/mb_block/ip/mb_block_microblaze_0_axi_intc_0/mb_block_microblaze_0_axi_intc_0/mb_block_microblaze_0_axi_intc_0_in_context.xdc] for cell 'mb_block_i/microblaze_0_axi_intc'
Parsing XDC File [c:/Users/Aaro/Desktop/385/NDS_Capture_385/7_1_guyanw2/lab7/lab7.gen/sources_1/bd/mb_block/ip/mb_block_mdm_1_0/mb_block_mdm_1_0/mb_block_mdm_1_0_in_context.xdc] for cell 'mb_block_i/mdm_1'
Finished Parsing XDC File [c:/Users/Aaro/Desktop/385/NDS_Capture_385/7_1_guyanw2/lab7/lab7.gen/sources_1/bd/mb_block/ip/mb_block_mdm_1_0/mb_block_mdm_1_0/mb_block_mdm_1_0_in_context.xdc] for cell 'mb_block_i/mdm_1'
Parsing XDC File [c:/Users/Aaro/Desktop/385/NDS_Capture_385/7_1_guyanw2/lab7/lab7.gen/sources_1/bd/mb_block/ip/mb_block_rst_clk_wiz_1_100M_0/mb_block_rst_clk_wiz_1_100M_0/mb_block_rst_clk_wiz_1_100M_0_in_context.xdc] for cell 'mb_block_i/rst_clk_wiz_1_100M'
Finished Parsing XDC File [c:/Users/Aaro/Desktop/385/NDS_Capture_385/7_1_guyanw2/lab7/lab7.gen/sources_1/bd/mb_block/ip/mb_block_rst_clk_wiz_1_100M_0/mb_block_rst_clk_wiz_1_100M_0/mb_block_rst_clk_wiz_1_100M_0_in_context.xdc] for cell 'mb_block_i/rst_clk_wiz_1_100M'
Parsing XDC File [c:/Users/Aaro/Desktop/385/NDS_Capture_385/7_1_guyanw2/lab7/lab7.gen/sources_1/bd/mb_block/ip/mb_block_clk_wiz_0_0/mb_block_clk_wiz_0_0/mb_block_clk_wiz_0_0_in_context.xdc] for cell 'mb_block_i/clk_wiz_0'
Finished Parsing XDC File [c:/Users/Aaro/Desktop/385/NDS_Capture_385/7_1_guyanw2/lab7/lab7.gen/sources_1/bd/mb_block/ip/mb_block_clk_wiz_0_0/mb_block_clk_wiz_0_0/mb_block_clk_wiz_0_0_in_context.xdc] for cell 'mb_block_i/clk_wiz_0'
Parsing XDC File [c:/Users/Aaro/Desktop/385/NDS_Capture_385/7_1_guyanw2/lab7/lab7.gen/sources_1/bd/mb_block/ip/mb_block_axi_uartlite_0_2/mb_block_axi_uartlite_0_2/mb_block_axi_uartlite_0_0_in_context.xdc] for cell 'mb_block_i/axi_uartlite_0'
Finished Parsing XDC File [c:/Users/Aaro/Desktop/385/NDS_Capture_385/7_1_guyanw2/lab7/lab7.gen/sources_1/bd/mb_block/ip/mb_block_axi_uartlite_0_2/mb_block_axi_uartlite_0_2/mb_block_axi_uartlite_0_0_in_context.xdc] for cell 'mb_block_i/axi_uartlite_0'
Parsing XDC File [c:/Users/Aaro/Desktop/385/NDS_Capture_385/7_1_guyanw2/lab7/lab7.gen/sources_1/bd/mb_block/ip/mb_block_microblaze_0_1/mb_block_microblaze_0_1/mb_block_microblaze_0_1_in_context.xdc] for cell 'mb_block_i/microblaze_0'
Finished Parsing XDC File [c:/Users/Aaro/Desktop/385/NDS_Capture_385/7_1_guyanw2/lab7/lab7.gen/sources_1/bd/mb_block/ip/mb_block_microblaze_0_1/mb_block_microblaze_0_1/mb_block_microblaze_0_1_in_context.xdc] for cell 'mb_block_i/microblaze_0'
Parsing XDC File [c:/Users/Aaro/Desktop/385/NDS_Capture_385/7_1_guyanw2/lab7/lab7.gen/sources_1/bd/mb_block/ip/mb_block_hdmi_text_controller_0_2/mb_block_hdmi_text_controller_0_2/mb_block_hdmi_text_controller_0_2_in_context.xdc] for cell 'mb_block_i/hdmi_text_controller_0'
Finished Parsing XDC File [c:/Users/Aaro/Desktop/385/NDS_Capture_385/7_1_guyanw2/lab7/lab7.gen/sources_1/bd/mb_block/ip/mb_block_hdmi_text_controller_0_2/mb_block_hdmi_text_controller_0_2/mb_block_hdmi_text_controller_0_2_in_context.xdc] for cell 'mb_block_i/hdmi_text_controller_0'
Parsing XDC File [C:/Users/Aaro/Desktop/385/NDS_Capture_385/7_1_guyanw2/lab7_1_provided_fa24/mb_usb_hdmi_top.xdc]
CRITICAL WARNING: [Constraints 18-1056] Clock 'clk_100' completely overrides clock 'Clk'.
New: create_clock -period 10.000 -name clk_100 -waveform {0.000 5.000} [get_ports Clk], [C:/Users/Aaro/Desktop/385/NDS_Capture_385/7_1_guyanw2/lab7_1_provided_fa24/mb_usb_hdmi_top.xdc:1]
Previous: create_clock -period 10.000 [get_ports Clk], [c:/Users/Aaro/Desktop/385/NDS_Capture_385/7_1_guyanw2/lab7/lab7.gen/sources_1/bd/mb_block/ip/mb_block_clk_wiz_0_0/mb_block_clk_wiz_0_0/mb_block_clk_wiz_0_0_in_context.xdc:1]
Resolution: Review the constraint files and remove the redundant clock definition(s). If the clock constraints are not saved in a file, you can first save the constraints to an XDC file and reload the design once the constraints have been corrected.
WARNING: [Vivado 12-584] No ports matched 'gpio_usb_int_tri_i[0]'. [C:/Users/Aaro/Desktop/385/NDS_Capture_385/7_1_guyanw2/lab7_1_provided_fa24/mb_usb_hdmi_top.xdc:12]
WARNING: [Vivado 12-584] No ports matched 'usb_spi_miso'. [C:/Users/Aaro/Desktop/385/NDS_Capture_385/7_1_guyanw2/lab7_1_provided_fa24/mb_usb_hdmi_top.xdc:13]
WARNING: [Vivado 12-584] No ports matched 'usb_spi_mosi'. [C:/Users/Aaro/Desktop/385/NDS_Capture_385/7_1_guyanw2/lab7_1_provided_fa24/mb_usb_hdmi_top.xdc:14]
WARNING: [Vivado 12-584] No ports matched 'usb_spi_sclk'. [C:/Users/Aaro/Desktop/385/NDS_Capture_385/7_1_guyanw2/lab7_1_provided_fa24/mb_usb_hdmi_top.xdc:15]
WARNING: [Vivado 12-584] No ports matched 'gpio_usb_int_tri_i[0]'. [C:/Users/Aaro/Desktop/385/NDS_Capture_385/7_1_guyanw2/lab7_1_provided_fa24/mb_usb_hdmi_top.xdc:16]
WARNING: [Vivado 12-584] No ports matched 'usb_spi_sclk'. [C:/Users/Aaro/Desktop/385/NDS_Capture_385/7_1_guyanw2/lab7_1_provided_fa24/mb_usb_hdmi_top.xdc:17]
WARNING: [Vivado 12-584] No ports matched 'usb_spi_mosi'. [C:/Users/Aaro/Desktop/385/NDS_Capture_385/7_1_guyanw2/lab7_1_provided_fa24/mb_usb_hdmi_top.xdc:18]
WARNING: [Vivado 12-584] No ports matched 'usb_spi_miso'. [C:/Users/Aaro/Desktop/385/NDS_Capture_385/7_1_guyanw2/lab7_1_provided_fa24/mb_usb_hdmi_top.xdc:19]
WARNING: [Vivado 12-584] No ports matched 'gpio_usb_rst_tri_o'. [C:/Users/Aaro/Desktop/385/NDS_Capture_385/7_1_guyanw2/lab7_1_provided_fa24/mb_usb_hdmi_top.xdc:21]
WARNING: [Vivado 12-584] No ports matched 'gpio_usb_rst_tri_o'. [C:/Users/Aaro/Desktop/385/NDS_Capture_385/7_1_guyanw2/lab7_1_provided_fa24/mb_usb_hdmi_top.xdc:22]
WARNING: [Vivado 12-584] No ports matched 'usb_spi_ss'. [C:/Users/Aaro/Desktop/385/NDS_Capture_385/7_1_guyanw2/lab7_1_provided_fa24/mb_usb_hdmi_top.xdc:23]
WARNING: [Vivado 12-584] No ports matched 'usb_spi_ss'. [C:/Users/Aaro/Desktop/385/NDS_Capture_385/7_1_guyanw2/lab7_1_provided_fa24/mb_usb_hdmi_top.xdc:24]
WARNING: [Vivado 12-507] No nets matched 'DCLK_IBUF'. [C:/Users/Aaro/Desktop/385/NDS_Capture_385/7_1_guyanw2/lab7_1_provided_fa24/mb_usb_hdmi_top.xdc:132]
Finished Parsing XDC File [C:/Users/Aaro/Desktop/385/NDS_Capture_385/7_1_guyanw2/lab7_1_provided_fa24/mb_usb_hdmi_top.xdc]
WARNING: [Project 1-498] One or more constraints failed evaluation while reading constraint file [C:/Users/Aaro/Desktop/385/NDS_Capture_385/7_1_guyanw2/lab7_1_provided_fa24/mb_usb_hdmi_top.xdc] and the design contains unresolved black boxes. These constraints will be read post-synthesis (as long as their source constraint file is marked as used_in_implementation) and should be applied correctly then. You should review the constraints listed in the file [.Xil/mb_usb_hdmi_top_propImpl.xdc] and check the run log file to verify that these constraints were correctly applied.
INFO: [Project 1-236] Implementation specific constraints were found while reading constraint file [C:/Users/Aaro/Desktop/385/NDS_Capture_385/7_1_guyanw2/lab7_1_provided_fa24/mb_usb_hdmi_top.xdc]. These constraints will be ignored for synthesis but will be used in implementation. Impacted constraints are listed in the file [.Xil/mb_usb_hdmi_top_propImpl.xdc].
Resolution: To avoid this warning, move constraints listed in [.Xil/mb_usb_hdmi_top_propImpl.xdc] to another XDC file and exclude this new file from synthesis with the used_in_synthesis property (File Properties dialog in GUI) and re-run elaboration/synthesis.
Parsing XDC File [C:/Users/Aaro/Desktop/385/NDS_Capture_385/7_1_guyanw2/lab7/lab7.runs/synth_1/dont_touch.xdc]
Finished Parsing XDC File [C:/Users/Aaro/Desktop/385/NDS_Capture_385/7_1_guyanw2/lab7/lab7.runs/synth_1/dont_touch.xdc]
Completed Processing XDC Constraints

Netlist sorting complete. Time (s): cpu = 00:00:00 ; elapsed = 00:00:00 . Memory (MB): peak = 1362.973 ; gain = 0.000
INFO: [Project 1-111] Unisim Transformation Summary:
No Unisim elements were transformed.

Constraint Validation Runtime : Time (s): cpu = 00:00:00 ; elapsed = 00:00:00.009 . Memory (MB): peak = 1362.973 ; gain = 0.000
INFO: [Designutils 20-5440] No compile time benefit to using incremental synthesis; A full resynthesis will be run
INFO: [Designutils 20-4379] Flow is switching to default flow due to incremental criteria not met. If you would like to alter this behaviour and have the flow terminate instead, please set the following parameter config_implementation {autoIncr.Synth.RejectBehavior Terminate}
INFO: [Synth 8-11241] undeclared symbol 'REGCCE', assumed default net type 'wire' [C:/Xilinx2022/Vivado/2022.2/data/verilog/src/unimacro/BRAM_SINGLE_MACRO.v:2170]
---------------------------------------------------------------------------------
Finished Constraint Validation : Time (s): cpu = 00:00:30 ; elapsed = 00:00:31 . Memory (MB): peak = 1362.973 ; gain = 559.336
---------------------------------------------------------------------------------
---------------------------------------------------------------------------------
Start Loading Part and Timing Information
---------------------------------------------------------------------------------
Loading part: xc7s50csga324-1
---------------------------------------------------------------------------------
Finished Loading Part and Timing Information : Time (s): cpu = 00:00:30 ; elapsed = 00:00:31 . Memory (MB): peak = 1362.973 ; gain = 559.336
---------------------------------------------------------------------------------
---------------------------------------------------------------------------------
Start Applying 'set_property' XDC Constraints
---------------------------------------------------------------------------------
Applied set_property IO_BUFFER_TYPE = NONE for Clk. (constraint file  c:/Users/Aaro/Desktop/385/NDS_Capture_385/7_1_guyanw2/lab7/lab7.gen/sources_1/bd/mb_block/ip/mb_block_clk_wiz_0_0/mb_block_clk_wiz_0_0/mb_block_clk_wiz_0_0_in_context.xdc, line 3).
Applied set_property CLOCK_BUFFER_TYPE = NONE for Clk. (constraint file  c:/Users/Aaro/Desktop/385/NDS_Capture_385/7_1_guyanw2/lab7/lab7.gen/sources_1/bd/mb_block/ip/mb_block_clk_wiz_0_0/mb_block_clk_wiz_0_0/mb_block_clk_wiz_0_0_in_context.xdc, line 4).
Applied set_property IO_BUFFER_TYPE = NONE for hdmi_tmds_clk_n. (constraint file  c:/Users/Aaro/Desktop/385/NDS_Capture_385/7_1_guyanw2/lab7/lab7.gen/sources_1/bd/mb_block/ip/mb_block_hdmi_text_controller_0_2/mb_block_hdmi_text_controller_0_2/mb_block_hdmi_text_controller_0_2_in_context.xdc, line 4).
Applied set_property CLOCK_BUFFER_TYPE = NONE for hdmi_tmds_clk_n. (constraint file  c:/Users/Aaro/Desktop/385/NDS_Capture_385/7_1_guyanw2/lab7/lab7.gen/sources_1/bd/mb_block/ip/mb_block_hdmi_text_controller_0_2/mb_block_hdmi_text_controller_0_2/mb_block_hdmi_text_controller_0_2_in_context.xdc, line 5).
Applied set_property IO_BUFFER_TYPE = NONE for hdmi_tmds_clk_p. (constraint file  c:/Users/Aaro/Desktop/385/NDS_Capture_385/7_1_guyanw2/lab7/lab7.gen/sources_1/bd/mb_block/ip/mb_block_hdmi_text_controller_0_2/mb_block_hdmi_text_controller_0_2/mb_block_hdmi_text_controller_0_2_in_context.xdc, line 6).
Applied set_property CLOCK_BUFFER_TYPE = NONE for hdmi_tmds_clk_p. (constraint file  c:/Users/Aaro/Desktop/385/NDS_Capture_385/7_1_guyanw2/lab7/lab7.gen/sources_1/bd/mb_block/ip/mb_block_hdmi_text_controller_0_2/mb_block_hdmi_text_controller_0_2/mb_block_hdmi_text_controller_0_2_in_context.xdc, line 7).
Applied set_property IO_BUFFER_TYPE = NONE for hdmi_tmds_data_n[0]. (constraint file  c:/Users/Aaro/Desktop/385/NDS_Capture_385/7_1_guyanw2/lab7/lab7.gen/sources_1/bd/mb_block/ip/mb_block_hdmi_text_controller_0_2/mb_block_hdmi_text_controller_0_2/mb_block_hdmi_text_controller_0_2_in_context.xdc, line 8).
Applied set_property CLOCK_BUFFER_TYPE = NONE for hdmi_tmds_data_n[0]. (constraint file  c:/Users/Aaro/Desktop/385/NDS_Capture_385/7_1_guyanw2/lab7/lab7.gen/sources_1/bd/mb_block/ip/mb_block_hdmi_text_controller_0_2/mb_block_hdmi_text_controller_0_2/mb_block_hdmi_text_controller_0_2_in_context.xdc, line 9).
Applied set_property IO_BUFFER_TYPE = NONE for hdmi_tmds_data_n[1]. (constraint file  c:/Users/Aaro/Desktop/385/NDS_Capture_385/7_1_guyanw2/lab7/lab7.gen/sources_1/bd/mb_block/ip/mb_block_hdmi_text_controller_0_2/mb_block_hdmi_text_controller_0_2/mb_block_hdmi_text_controller_0_2_in_context.xdc, line 10).
Applied set_property CLOCK_BUFFER_TYPE = NONE for hdmi_tmds_data_n[1]. (constraint file  c:/Users/Aaro/Desktop/385/NDS_Capture_385/7_1_guyanw2/lab7/lab7.gen/sources_1/bd/mb_block/ip/mb_block_hdmi_text_controller_0_2/mb_block_hdmi_text_controller_0_2/mb_block_hdmi_text_controller_0_2_in_context.xdc, line 11).
Applied set_property IO_BUFFER_TYPE = NONE for hdmi_tmds_data_n[2]. (constraint file  c:/Users/Aaro/Desktop/385/NDS_Capture_385/7_1_guyanw2/lab7/lab7.gen/sources_1/bd/mb_block/ip/mb_block_hdmi_text_controller_0_2/mb_block_hdmi_text_controller_0_2/mb_block_hdmi_text_controller_0_2_in_context.xdc, line 12).
Applied set_property CLOCK_BUFFER_TYPE = NONE for hdmi_tmds_data_n[2]. (constraint file  c:/Users/Aaro/Desktop/385/NDS_Capture_385/7_1_guyanw2/lab7/lab7.gen/sources_1/bd/mb_block/ip/mb_block_hdmi_text_controller_0_2/mb_block_hdmi_text_controller_0_2/mb_block_hdmi_text_controller_0_2_in_context.xdc, line 13).
Applied set_property IO_BUFFER_TYPE = NONE for hdmi_tmds_data_p[0]. (constraint file  c:/Users/Aaro/Desktop/385/NDS_Capture_385/7_1_guyanw2/lab7/lab7.gen/sources_1/bd/mb_block/ip/mb_block_hdmi_text_controller_0_2/mb_block_hdmi_text_controller_0_2/mb_block_hdmi_text_controller_0_2_in_context.xdc, line 14).
Applied set_property CLOCK_BUFFER_TYPE = NONE for hdmi_tmds_data_p[0]. (constraint file  c:/Users/Aaro/Desktop/385/NDS_Capture_385/7_1_guyanw2/lab7/lab7.gen/sources_1/bd/mb_block/ip/mb_block_hdmi_text_controller_0_2/mb_block_hdmi_text_controller_0_2/mb_block_hdmi_text_controller_0_2_in_context.xdc, line 15).
Applied set_property IO_BUFFER_TYPE = NONE for hdmi_tmds_data_p[1]. (constraint file  c:/Users/Aaro/Desktop/385/NDS_Capture_385/7_1_guyanw2/lab7/lab7.gen/sources_1/bd/mb_block/ip/mb_block_hdmi_text_controller_0_2/mb_block_hdmi_text_controller_0_2/mb_block_hdmi_text_controller_0_2_in_context.xdc, line 16).
Applied set_property CLOCK_BUFFER_TYPE = NONE for hdmi_tmds_data_p[1]. (constraint file  c:/Users/Aaro/Desktop/385/NDS_Capture_385/7_1_guyanw2/lab7/lab7.gen/sources_1/bd/mb_block/ip/mb_block_hdmi_text_controller_0_2/mb_block_hdmi_text_controller_0_2/mb_block_hdmi_text_controller_0_2_in_context.xdc, line 17).
Applied set_property IO_BUFFER_TYPE = NONE for hdmi_tmds_data_p[2]. (constraint file  c:/Users/Aaro/Desktop/385/NDS_Capture_385/7_1_guyanw2/lab7/lab7.gen/sources_1/bd/mb_block/ip/mb_block_hdmi_text_controller_0_2/mb_block_hdmi_text_controller_0_2/mb_block_hdmi_text_controller_0_2_in_context.xdc, line 18).
Applied set_property CLOCK_BUFFER_TYPE = NONE for hdmi_tmds_data_p[2]. (constraint file  c:/Users/Aaro/Desktop/385/NDS_Capture_385/7_1_guyanw2/lab7/lab7.gen/sources_1/bd/mb_block/ip/mb_block_hdmi_text_controller_0_2/mb_block_hdmi_text_controller_0_2/mb_block_hdmi_text_controller_0_2_in_context.xdc, line 19).
Applied set_property KEEP_HIERARCHY = SOFT for mb_block_i. (constraint file  auto generated constraint).
Applied set_property KEEP_HIERARCHY = SOFT for mb_block_i/microblaze_0_axi_periph/xbar. (constraint file  auto generated constraint).
Applied set_property KEEP_HIERARCHY = SOFT for mb_block_i/microblaze_0_axi_periph. (constraint file  auto generated constraint).
Applied set_property KEEP_HIERARCHY = SOFT for mb_block_i/microblaze_0_axi_intc. (constraint file  auto generated constraint).
Applied set_property KEEP_HIERARCHY = SOFT for mb_block_i/mdm_1. (constraint file  auto generated constraint).
Applied set_property KEEP_HIERARCHY = SOFT for mb_block_i/rst_clk_wiz_1_100M. (constraint file  auto generated constraint).
Applied set_property KEEP_HIERARCHY = SOFT for mb_block_i/clk_wiz_0. (constraint file  auto generated constraint).
Applied set_property KEEP_HIERARCHY = SOFT for mb_block_i/axi_uartlite_0. (constraint file  auto generated constraint).
Applied set_property KEEP_HIERARCHY = SOFT for mb_block_i/microblaze_0. (constraint file  auto generated constraint).
Applied set_property KEEP_HIERARCHY = SOFT for mb_block_i/hdmi_text_controller_0. (constraint file  auto generated constraint).
---------------------------------------------------------------------------------
Finished applying 'set_property' XDC Constraints : Time (s): cpu = 00:00:30 ; elapsed = 00:00:32 . Memory (MB): peak = 1362.973 ; gain = 559.336
---------------------------------------------------------------------------------
---------------------------------------------------------------------------------
Finished RTL Optimization Phase 2 : Time (s): cpu = 00:00:31 ; elapsed = 00:00:32 . Memory (MB): peak = 1362.973 ; gain = 559.336
---------------------------------------------------------------------------------
---------------------------------------------------------------------------------
Start RTL Component Statistics 
---------------------------------------------------------------------------------
Detailed RTL Component Info : 
+---XORs : 
	   6 Input      1 Bit         XORs := 3     
	   5 Input      1 Bit         XORs := 1     
+---Registers : 
	                1 Bit    Registers := 6     
---------------------------------------------------------------------------------
Finished RTL Component Statistics 
---------------------------------------------------------------------------------
---------------------------------------------------------------------------------
Start Part Resource Summary
---------------------------------------------------------------------------------
Part Resources:
DSPs: 120 (col length:60)
BRAMs: 150 (col length: RAMB18 60 RAMB36 30)
---------------------------------------------------------------------------------
Finished Part Resource Summary
---------------------------------------------------------------------------------
---------------------------------------------------------------------------------
Start Cross Boundary and Area Optimization
---------------------------------------------------------------------------------
WARNING: [Synth 8-7080] Parallel synthesis criteria is not met
WARNING: [Synth 8-7129] Port M00_ACLK in module mb_block_microblaze_0_axi_periph_0 is either unconnected or has no load
WARNING: [Synth 8-7129] Port M00_ARESETN in module mb_block_microblaze_0_axi_periph_0 is either unconnected or has no load
WARNING: [Synth 8-7129] Port M01_ACLK in module mb_block_microblaze_0_axi_periph_0 is either unconnected or has no load
WARNING: [Synth 8-7129] Port M01_ARESETN in module mb_block_microblaze_0_axi_periph_0 is either unconnected or has no load
WARNING: [Synth 8-7129] Port M02_ACLK in module mb_block_microblaze_0_axi_periph_0 is either unconnected or has no load
WARNING: [Synth 8-7129] Port M02_ARESETN in module mb_block_microblaze_0_axi_periph_0 is either unconnected or has no load
WARNING: [Synth 8-7129] Port S00_ACLK in module mb_block_microblaze_0_axi_periph_0 is either unconnected or has no load
WARNING: [Synth 8-7129] Port S00_ARESETN in module mb_block_microblaze_0_axi_periph_0 is either unconnected or has no load
WARNING: [Synth 8-7129] Port hex_segA[7] in module mb_usb_hdmi_top is either unconnected or has no load
WARNING: [Synth 8-7129] Port hex_segA[6] in module mb_usb_hdmi_top is either unconnected or has no load
WARNING: [Synth 8-7129] Port hex_segA[5] in module mb_usb_hdmi_top is either unconnected or has no load
WARNING: [Synth 8-7129] Port hex_segA[4] in module mb_usb_hdmi_top is either unconnected or has no load
WARNING: [Synth 8-7129] Port hex_segA[3] in module mb_usb_hdmi_top is either unconnected or has no load
WARNING: [Synth 8-7129] Port hex_segA[2] in module mb_usb_hdmi_top is either unconnected or has no load
WARNING: [Synth 8-7129] Port hex_segA[1] in module mb_usb_hdmi_top is either unconnected or has no load
WARNING: [Synth 8-7129] Port hex_segA[0] in module mb_usb_hdmi_top is either unconnected or has no load
WARNING: [Synth 8-7129] Port hex_gridA[3] in module mb_usb_hdmi_top is either unconnected or has no load
WARNING: [Synth 8-7129] Port hex_gridA[2] in module mb_usb_hdmi_top is either unconnected or has no load
WARNING: [Synth 8-7129] Port hex_gridA[1] in module mb_usb_hdmi_top is either unconnected or has no load
WARNING: [Synth 8-7129] Port hex_gridA[0] in module mb_usb_hdmi_top is either unconnected or has no load
WARNING: [Synth 8-7129] Port hex_segB[7] in module mb_usb_hdmi_top is either unconnected or has no load
WARNING: [Synth 8-7129] Port hex_segB[6] in module mb_usb_hdmi_top is either unconnected or has no load
WARNING: [Synth 8-7129] Port hex_segB[5] in module mb_usb_hdmi_top is either unconnected or has no load
WARNING: [Synth 8-7129] Port hex_segB[4] in module mb_usb_hdmi_top is either unconnected or has no load
WARNING: [Synth 8-7129] Port hex_segB[3] in module mb_usb_hdmi_top is either unconnected or has no load
WARNING: [Synth 8-7129] Port hex_segB[2] in module mb_usb_hdmi_top is either unconnected or has no load
WARNING: [Synth 8-7129] Port hex_segB[1] in module mb_usb_hdmi_top is either unconnected or has no load
WARNING: [Synth 8-7129] Port hex_segB[0] in module mb_usb_hdmi_top is either unconnected or has no load
WARNING: [Synth 8-7129] Port hex_gridB[3] in module mb_usb_hdmi_top is either unconnected or has no load
WARNING: [Synth 8-7129] Port hex_gridB[2] in module mb_usb_hdmi_top is either unconnected or has no load
WARNING: [Synth 8-7129] Port hex_gridB[1] in module mb_usb_hdmi_top is either unconnected or has no load
WARNING: [Synth 8-7129] Port hex_gridB[0] in module mb_usb_hdmi_top is either unconnected or has no load
---------------------------------------------------------------------------------
Finished Cross Boundary and Area Optimization : Time (s): cpu = 00:00:34 ; elapsed = 00:00:37 . Memory (MB): peak = 1362.973 ; gain = 559.336
---------------------------------------------------------------------------------
---------------------------------------------------------------------------------
Start Applying XDC Timing Constraints
---------------------------------------------------------------------------------
---------------------------------------------------------------------------------
Finished Applying XDC Timing Constraints : Time (s): cpu = 00:00:44 ; elapsed = 00:00:47 . Memory (MB): peak = 1362.973 ; gain = 559.336
---------------------------------------------------------------------------------
---------------------------------------------------------------------------------
Start Timing Optimization
---------------------------------------------------------------------------------
---------------------------------------------------------------------------------
Finished Timing Optimization : Time (s): cpu = 00:00:44 ; elapsed = 00:00:47 . Memory (MB): peak = 1362.973 ; gain = 559.336
---------------------------------------------------------------------------------
---------------------------------------------------------------------------------
Start Technology Mapping
---------------------------------------------------------------------------------
---------------------------------------------------------------------------------
Finished Technology Mapping : Time (s): cpu = 00:00:44 ; elapsed = 00:00:47 . Memory (MB): peak = 1362.973 ; gain = 559.336
---------------------------------------------------------------------------------
---------------------------------------------------------------------------------
Start IO Insertion
---------------------------------------------------------------------------------
---------------------------------------------------------------------------------
Start Flattening Before IO Insertion
---------------------------------------------------------------------------------
---------------------------------------------------------------------------------
Finished Flattening Before IO Insertion
---------------------------------------------------------------------------------
---------------------------------------------------------------------------------
Start Final Netlist Cleanup
---------------------------------------------------------------------------------
---------------------------------------------------------------------------------
Finished Final Netlist Cleanup
---------------------------------------------------------------------------------
---------------------------------------------------------------------------------
Finished IO Insertion : Time (s): cpu = 00:00:54 ; elapsed = 00:00:56 . Memory (MB): peak = 1362.973 ; gain = 559.336
---------------------------------------------------------------------------------
---------------------------------------------------------------------------------
Start Renaming Generated Instances
---------------------------------------------------------------------------------
---------------------------------------------------------------------------------
Finished Renaming Generated Instances : Time (s): cpu = 00:00:54 ; elapsed = 00:00:56 . Memory (MB): peak = 1362.973 ; gain = 559.336
---------------------------------------------------------------------------------
---------------------------------------------------------------------------------
Start Rebuilding User Hierarchy
---------------------------------------------------------------------------------
---------------------------------------------------------------------------------
Finished Rebuilding User Hierarchy : Time (s): cpu = 00:00:54 ; elapsed = 00:00:56 . Memory (MB): peak = 1362.973 ; gain = 559.336
---------------------------------------------------------------------------------
---------------------------------------------------------------------------------
Start Renaming Generated Ports
---------------------------------------------------------------------------------
---------------------------------------------------------------------------------
Finished Renaming Generated Ports : Time (s): cpu = 00:00:54 ; elapsed = 00:00:56 . Memory (MB): peak = 1362.973 ; gain = 559.336
---------------------------------------------------------------------------------
---------------------------------------------------------------------------------
Start Handling Custom Attributes
---------------------------------------------------------------------------------
---------------------------------------------------------------------------------
Finished Handling Custom Attributes : Time (s): cpu = 00:00:54 ; elapsed = 00:00:56 . Memory (MB): peak = 1362.973 ; gain = 559.336
---------------------------------------------------------------------------------
---------------------------------------------------------------------------------
Start Renaming Generated Nets
---------------------------------------------------------------------------------
---------------------------------------------------------------------------------
Finished Renaming Generated Nets : Time (s): cpu = 00:00:54 ; elapsed = 00:00:56 . Memory (MB): peak = 1362.973 ; gain = 559.336
---------------------------------------------------------------------------------
---------------------------------------------------------------------------------
Start Writing Synthesis Report
---------------------------------------------------------------------------------

Report BlackBoxes: 
+------+----------------------------------+----------+
|      |BlackBox name                     |Instances |
+------+----------------------------------+----------+
|1     |mb_block_xbar_0                   |         1|
|2     |mb_block_axi_uartlite_0_2         |         1|
|3     |mb_block_clk_wiz_0_0              |         1|
|4     |mb_block_hdmi_text_controller_0_2 |         1|
|5     |mb_block_mdm_1_0                  |         1|
|6     |mb_block_microblaze_0_1           |         1|
|7     |mb_block_microblaze_0_axi_intc_0  |         1|
|8     |mb_block_rst_clk_wiz_1_100M_0     |         1|
+------+----------------------------------+----------+

Report Cell Usage: 
+------+--------------------------------+------+
|      |Cell                            |Count |
+------+--------------------------------+------+
|1     |mb_block_axi_uartlite_0         |     1|
|2     |mb_block_clk_wiz_0              |     1|
|3     |mb_block_hdmi_text_controller_0 |     1|
|4     |mb_block_mdm_1                  |     1|
|5     |mb_block_microblaze_0           |     1|
|6     |mb_block_microblaze_0_axi_intc  |     1|
|7     |mb_block_rst_clk_wiz_1_100M     |     1|
|8     |mb_block_xbar                   |     1|
|9     |BUFG                            |     1|
|10    |LUT1                            |     1|
|11    |LUT5                            |     1|
|12    |LUT6                            |     3|
|13    |FDCE                            |     4|
|14    |IBUF                            |    23|
|15    |OBUF                            |     5|
|16    |OBUFT                           |    24|
+------+--------------------------------+------+
---------------------------------------------------------------------------------
Finished Writing Synthesis Report : Time (s): cpu = 00:00:54 ; elapsed = 00:00:56 . Memory (MB): peak = 1362.973 ; gain = 559.336
---------------------------------------------------------------------------------
Synthesis finished with 0 errors, 0 critical warnings and 33 warnings.
Synthesis Optimization Runtime : Time (s): cpu = 00:00:35 ; elapsed = 00:00:52 . Memory (MB): peak = 1362.973 ; gain = 505.320
Synthesis Optimization Complete : Time (s): cpu = 00:00:54 ; elapsed = 00:00:57 . Memory (MB): peak = 1362.973 ; gain = 559.336
INFO: [Project 1-571] Translating synthesized netlist
Netlist sorting complete. Time (s): cpu = 00:00:00 ; elapsed = 00:00:00.025 . Memory (MB): peak = 1362.973 ; gain = 0.000
INFO: [Project 1-570] Preparing netlist for logic optimization
INFO: [Opt 31-140] Inserted 1 IBUFs to IO ports without IO buffers.
INFO: [Opt 31-138] Pushed 0 inverter(s) to 0 load pin(s).
Netlist sorting complete. Time (s): cpu = 00:00:00 ; elapsed = 00:00:00 . Memory (MB): peak = 1362.973 ; gain = 0.000
INFO: [Project 1-111] Unisim Transformation Summary:
No Unisim elements were transformed.

Synth Design complete, checksum: 78566d52
INFO: [Common 17-83] Releasing license: Synthesis
62 Infos, 113 Warnings, 1 Critical Warnings and 0 Errors encountered.
synth_design completed successfully
synth_design: Time (s): cpu = 00:01:02 ; elapsed = 00:01:06 . Memory (MB): peak = 1362.973 ; gain = 934.023
INFO: [runtcl-6] Synthesis results are not added to the cache due to CRITICAL_WARNING
INFO: [Common 17-1381] The checkpoint 'C:/Users/Aaro/Desktop/385/NDS_Capture_385/7_1_guyanw2/lab7/lab7.runs/synth_1/mb_usb_hdmi_top.dcp' has been generated.
INFO: [runtcl-4] Executing : report_utilization -file mb_usb_hdmi_top_utilization_synth.rpt -pb mb_usb_hdmi_top_utilization_synth.pb
INFO: [Common 17-206] Exiting Vivado at Thu Dec 12 02:49:22 2024...
