Copyright 1986-2022 Xilinx, Inc. All Rights Reserved.
-------------------------------------------------------------------------------------------------------------------------------------------------------------------
| Tool Version     : Vivado v.2022.2 (win64) Build 3671981 Fri Oct 14 05:00:03 MDT 2022
| Date             : Wed Dec 11 01:09:55 2024
| Host             : DESKTOP-0G38QBS running 64-bit major release  (build 9200)
| Command          : report_power -file mb_usb_hdmi_top_power_routed.rpt -pb mb_usb_hdmi_top_power_summary_routed.pb -rpx mb_usb_hdmi_top_power_routed.rpx
| Design           : mb_usb_hdmi_top
| Device           : xc7s50csga324-1
| Design State     : routed
| Grade            : commercial
| Process          : typical
| Characterization : Production
-------------------------------------------------------------------------------------------------------------------------------------------------------------------

Power Report

Table of Contents
-----------------
1. Summary
1.1 On-Chip Components
1.2 Power Supply Summary
1.3 Confidence Level
2. Settings
2.1 Environment
2.2 Clock Constraints
3. Detailed Reports
3.1 By Hierarchy

1. Summary
----------

+--------------------------+--------------+
| Total On-Chip Power (W)  | 0.462        |
| Design Power Budget (W)  | Unspecified* |
| Power Budget Margin (W)  | NA           |
| Dynamic (W)              | 0.386        |
| Device Static (W)        | 0.076        |
| Effective TJA (C/W)      | 4.9          |
| Max Ambient (C)          | 82.7         |
| Junction Temperature (C) | 27.3         |
| Confidence Level         | Low          |
| Setting File             | ---          |
| Simulation Activity File | ---          |
| Design Nets Matched      | NA           |
+--------------------------+--------------+
* Specify Design Power Budget using, set_operating_conditions -design_power_budget <value in Watts>


1.1 On-Chip Components
----------------------

+--------------------------+-----------+----------+-----------+-----------------+
| On-Chip                  | Power (W) | Used     | Available | Utilization (%) |
+--------------------------+-----------+----------+-----------+-----------------+
| Clocks                   |     0.023 |       14 |       --- |             --- |
| Slice Logic              |     0.004 |    10491 |       --- |             --- |
|   LUT as Logic           |     0.003 |     3371 |     32600 |           10.34 |
|   LUT as Distributed RAM |    <0.001 |      120 |      9600 |            1.25 |
|   Register               |    <0.001 |     4411 |     65200 |            6.77 |
|   CARRY4                 |    <0.001 |      121 |      8150 |            1.48 |
|   LUT as Shift Register  |    <0.001 |      264 |      9600 |            2.75 |
|   F7/F8 Muxes            |    <0.001 |      232 |     32600 |            0.71 |
|   Others                 |     0.000 |     1016 |       --- |             --- |
| Signals                  |     0.006 |     7299 |       --- |             --- |
| Block RAM                |     0.005 |       64 |        75 |           85.33 |
| MMCM                     |     0.212 |        2 |         5 |           40.00 |
| DSPs                     |    <0.001 |        1 |       120 |            0.83 |
| I/O                      |     0.137 |       61 |       210 |           29.05 |
| Static Power             |     0.076 |          |           |                 |
| Total                    |     0.462 |          |           |                 |
+--------------------------+-----------+----------+-----------+-----------------+


1.2 Power Supply Summary
------------------------

+-----------+-------------+-----------+-------------+------------+-------------+-------------+------------+
| Source    | Voltage (V) | Total (A) | Dynamic (A) | Static (A) | Powerup (A) | Budget (A)  | Margin (A) |
+-----------+-------------+-----------+-------------+------------+-------------+-------------+------------+
| Vccint    |       1.000 |     0.051 |       0.039 |      0.012 |       NA    | Unspecified | NA         |
| Vccaux    |       1.800 |     0.130 |       0.117 |      0.013 |       NA    | Unspecified | NA         |
| Vcco33    |       3.300 |     0.042 |       0.041 |      0.001 |       NA    | Unspecified | NA         |
| Vcco25    |       2.500 |     0.000 |       0.000 |      0.000 |       NA    | Unspecified | NA         |
| Vcco18    |       1.800 |     0.000 |       0.000 |      0.000 |       NA    | Unspecified | NA         |
| Vcco15    |       1.500 |     0.000 |       0.000 |      0.000 |       NA    | Unspecified | NA         |
| Vcco135   |       1.350 |     0.000 |       0.000 |      0.000 |       NA    | Unspecified | NA         |
| Vcco12    |       1.200 |     0.000 |       0.000 |      0.000 |       NA    | Unspecified | NA         |
| Vccaux_io |       1.800 |     0.000 |       0.000 |      0.000 |       NA    | Unspecified | NA         |
| Vccbram   |       1.000 |     0.002 |       0.000 |      0.002 |       NA    | Unspecified | NA         |
| Vccadc    |       1.800 |     0.020 |       0.000 |      0.020 |       NA    | Unspecified | NA         |
+-----------+-------------+-----------+-------------+------------+-------------+-------------+------------+


1.3 Confidence Level
--------------------

+-----------------------------+------------+--------------------------------------------------------+------------------------------------------------------------------------------------------------------------+
| User Input Data             | Confidence | Details                                                | Action                                                                                                     |
+-----------------------------+------------+--------------------------------------------------------+------------------------------------------------------------------------------------------------------------+
| Design implementation state | High       | Design is routed                                       |                                                                                                            |
| Clock nodes activity        | High       | User specified more than 95% of clocks                 |                                                                                                            |
| I/O nodes activity          | Low        | More than 75% of inputs are missing user specification | Provide missing input activity with simulation results or by editing the "By Resource Type -> I/Os" view   |
| Internal nodes activity     | Medium     | User specified less than 25% of internal nodes         | Provide missing internal nodes activity with simulation results or by editing the "By Resource Type" views |
| Device models               | High       | Device models are Production                           |                                                                                                            |
|                             |            |                                                        |                                                                                                            |
| Overall confidence level    | Low        |                                                        |                                                                                                            |
+-----------------------------+------------+--------------------------------------------------------+------------------------------------------------------------------------------------------------------------+


2. Settings
-----------

2.1 Environment
---------------

+-----------------------+--------------------------+
| Ambient Temp (C)      | 25.0                     |
| ThetaJA (C/W)         | 4.9                      |
| Airflow (LFM)         | 250                      |
| Heat Sink             | medium (Medium Profile)  |
| ThetaSA (C/W)         | 4.6                      |
| Board Selection       | medium (10"x10")         |
| # of Board Layers     | 12to15 (12 to 15 Layers) |
| Board Temperature (C) | 25.0                     |
+-----------------------+--------------------------+


2.2 Clock Constraints
---------------------

+--------------------------------------------------------------------------------------------+------------------------------------------------------------------------+-----------------+
| Clock                                                                                      | Domain                                                                 | Constraint (ns) |
+--------------------------------------------------------------------------------------------+------------------------------------------------------------------------+-----------------+
| clk_100                                                                                    | Clk                                                                    |            10.0 |
| clk_100                                                                                    | Clk_IBUF                                                               |            10.0 |
| clk_out1_clk_wiz_0_1                                                                       | mb_block_i/hdmi_text_controller_0/inst/clk_wiz/inst/clk_out1_clk_wiz_0 |            40.0 |
| clk_out1_mb_block_clk_wiz_0_0                                                              | mb_block_i/clk_wiz_0/inst/clk_out1                                     |            10.0 |
| clk_out1_mb_block_clk_wiz_0_0                                                              | mb_block_i/clk_wiz_0/inst/clk_out1_mb_block_clk_wiz_0_0                |            10.0 |
| clk_out2_clk_wiz_0_1                                                                       | mb_block_i/hdmi_text_controller_0/inst/clk_wiz/inst/clk_out2_clk_wiz_0 |             8.0 |
| clkfbout_clk_wiz_0_1                                                                       | mb_block_i/hdmi_text_controller_0/inst/clk_wiz/inst/clkfbout_clk_wiz_0 |            10.0 |
| clkfbout_mb_block_clk_wiz_0_0                                                              | mb_block_i/clk_wiz_0/inst/clkfbout_mb_block_clk_wiz_0_0                |            10.0 |
| dbg_hub/inst/BSCANID.u_xsdbm_id/SWITCH_N_EXT_BSCAN.bscan_inst/SERIES7_BSCAN.bscan_inst/TCK | dbg_hub/inst/BSCANID.u_xsdbm_id/SWITCH_N_EXT_BSCAN.bscan_inst/TCK      |            33.0 |
| dclk                                                                                       | DCLK                                                                   |           339.5 |
| mb_block_i/mdm_1/U0/Use_E2.BSCAN_I/Use_E2.BSCANE2_I/DRCK                                   | mb_block_i/mdm_1/U0/Use_E2.BSCAN_I/DRCK                                |            33.3 |
| mb_block_i/mdm_1/U0/Use_E2.BSCAN_I/Use_E2.BSCANE2_I/UPDATE                                 | mb_block_i/mdm_1/U0/Use_E2.BSCAN_I/Dbg_Update_0                        |            33.3 |
+--------------------------------------------------------------------------------------------+------------------------------------------------------------------------+-----------------+


3. Detailed Reports
-------------------

3.1 By Hierarchy
----------------

+----------------------------+-----------+
| Name                       | Power (W) |
+----------------------------+-----------+
| mb_usb_hdmi_top            |     0.386 |
|   dbg_hub                  |     0.003 |
|     inst                   |     0.003 |
|       BSCANID.u_xsdbm_id   |     0.003 |
|   mb_block_i               |     0.358 |
|     clk_wiz_0              |     0.106 |
|       inst                 |     0.106 |
|     hdmi_text_controller_0 |     0.241 |
|       inst                 |     0.241 |
|     microblaze_0           |     0.008 |
|       U0                   |     0.008 |
|   u_ila_0                  |     0.019 |
|     inst                   |     0.019 |
|       ila_core_inst        |     0.019 |
+----------------------------+-----------+


