
*** Running vivado
    with args -log design_1_ilmb_v10_1.vds -m64 -product Vivado -mode batch -messageDb vivado.pb -notrace -source design_1_ilmb_v10_1.tcl



****** Vivado v2022.2 (64-bit)
  **** SW Build 3671981 on Fri Oct 14 05:00:03 MDT 2022
  **** IP Build 3669848 on Fri Oct 14 08:30:02 MDT 2022
    ** Copyright 1986-2022 Xilinx, Inc. All Rights Reserved.

source design_1_ilmb_v10_1.tcl -notrace
create_project: Time (s): cpu = 00:00:05 ; elapsed = 00:00:06 . Memory (MB): peak = 373.348 ; gain = 53.305
INFO: [IP_Flow 19-234] Refreshing IP repositories
WARNING: [IP_Flow 19-2248] Failed to load user IP repository 'c:/Users/Aaro/Desktop/385/NDS_Capture_385/ip_repo/nds_axi_framebuffer_1_0'; Can't find the specified path.
If this directory should no longer be in your list of user repositories, go to the IP Settings dialog and remove it.
INFO: [IP_Flow 19-1700] Loaded user IP repository 'c:/Users/Aaro/Documents/GitHub/ece385/ip_repo'.
INFO: [IP_Flow 19-1700] Loaded user IP repository 'c:/Users/Aaro/Documents/GitHub/ece385/RD_hdmi_ip2020'.
INFO: [IP_Flow 19-1700] Loaded user IP repository 'c:/Users/Aaro/Desktop/385/NDS_Capture_385/7_2_guyanw2/ip_repo'.
INFO: [IP_Flow 19-2313] Loaded Vivado IP repository 'C:/Xilinx2022/Vivado/2022.2/data/ip'.
INFO: [IP_Flow 19-6924] IPCACHE: Running cache check for IP inst: design_1_ilmb_v10_1
INFO: [IP_Flow 19-6922] IPCACHE: Exporting cached entry 8b859a7611e3417d to dir: C:/Users/Aaro/Desktop/385/NDS_Capture_385/nds_capture/nds_capture.runs/design_1_ilmb_v10_1_synth_1
INFO: [IP_Flow 19-6928] IPCACHE: copied cached file c:/Users/Aaro/Desktop/385/NDS_Capture_385/nds_capture/nds_capture.cache/ip/2022.2/8/b/8b859a7611e3417d/design_1_dlmb_v10_1.dcp to C:/Users/Aaro/Desktop/385/NDS_Capture_385/nds_capture/nds_capture.runs/design_1_ilmb_v10_1_synth_1/design_1_ilmb_v10_1.dcp.
INFO: [IP_Flow 19-6928] IPCACHE: copied cached file c:/Users/Aaro/Desktop/385/NDS_Capture_385/nds_capture/nds_capture.cache/ip/2022.2/8/b/8b859a7611e3417d/design_1_dlmb_v10_1_sim_netlist.v to C:/Users/Aaro/Desktop/385/NDS_Capture_385/nds_capture/nds_capture.runs/design_1_ilmb_v10_1_synth_1/design_1_ilmb_v10_1_sim_netlist.v.
INFO: [IP_Flow 19-6928] IPCACHE: copied cached file c:/Users/Aaro/Desktop/385/NDS_Capture_385/nds_capture/nds_capture.cache/ip/2022.2/8/b/8b859a7611e3417d/design_1_dlmb_v10_1_sim_netlist.vhdl to C:/Users/Aaro/Desktop/385/NDS_Capture_385/nds_capture/nds_capture.runs/design_1_ilmb_v10_1_synth_1/design_1_ilmb_v10_1_sim_netlist.vhdl.
INFO: [IP_Flow 19-6928] IPCACHE: copied cached file c:/Users/Aaro/Desktop/385/NDS_Capture_385/nds_capture/nds_capture.cache/ip/2022.2/8/b/8b859a7611e3417d/design_1_dlmb_v10_1_stub.v to C:/Users/Aaro/Desktop/385/NDS_Capture_385/nds_capture/nds_capture.runs/design_1_ilmb_v10_1_synth_1/design_1_ilmb_v10_1_stub.v.
INFO: [IP_Flow 19-6928] IPCACHE: copied cached file c:/Users/Aaro/Desktop/385/NDS_Capture_385/nds_capture/nds_capture.cache/ip/2022.2/8/b/8b859a7611e3417d/design_1_dlmb_v10_1_stub.vhdl to C:/Users/Aaro/Desktop/385/NDS_Capture_385/nds_capture/nds_capture.runs/design_1_ilmb_v10_1_synth_1/design_1_ilmb_v10_1_stub.vhdl.
INFO: [IP_Flow 19-4838] Using cached IP synthesis design for IP design_1_ilmb_v10_1, cache-ID = 8b859a7611e3417d.
INFO: [Common 17-206] Exiting Vivado at Mon Nov 25 19:06:35 2024...
