15:09:15 DEBUG : Logs will be stored at 'C:/Users/Aaro/Desktop/385/NDS_Capture_385/7_1_guyanw2/lab7/lab_7_2_sdk_new/IDE.log'.
15:09:18 INFO  : Launching XSCT server: xsct.bat -n  -interactive C:\Users\Aaro\Desktop\385\NDS_Capture_385\7_1_guyanw2\lab7\lab_7_2_sdk_new\temp_xsdb_launch_script.tcl
15:09:18 INFO  : Platform repository initialization has completed.
15:09:18 INFO  : Registering command handlers for Vitis TCF services
15:09:21 INFO  : XSCT server has started successfully.
15:09:26 INFO  : plnx-install-location is set to ''
15:09:26 INFO  : Successfully done setting XSCT server connection channel  
15:09:26 INFO  : Successfully done query RDI_DATADIR 
15:09:26 INFO  : Successfully done setting workspace for the tool. 
15:10:28 INFO  : Result from executing command 'getProjects': mb_usb_hdmi_top
15:10:28 INFO  : Result from executing command 'getPlatforms': 
15:10:28 WARN  : An unexpected exception occurred in the module 'platform project logging'
15:10:28 INFO  : Platform 'mb_usb_hdmi_top' is added to custom repositories.
15:10:30 INFO  : Platform 'mb_usb_hdmi_top' is added to custom repositories.
15:11:46 INFO  : Result from executing command 'getProjects': mb_usb_hdmi_top
15:11:46 INFO  : Result from executing command 'getPlatforms': mb_usb_hdmi_top|C:/Users/Aaro/Desktop/385/NDS_Capture_385/7_1_guyanw2/lab7/lab_7_2_sdk_new/mb_usb_hdmi_top/export/mb_usb_hdmi_top/mb_usb_hdmi_top.xpfm
15:11:47 INFO  : Checking for BSP changes to sync application flags for project 'mb_usb_hdmi'...
15:12:04 INFO  : Connected to target on host '127.0.0.1' and port '3121'.
15:12:04 INFO  : Jtag cable 'RealDigital Boo 887100000000A' is selected.
15:12:04 INFO  : 'jtag frequency' command is executed.
15:12:04 INFO  : 'targets -set -filter {jtag_cable_name =~ "RealDigital Boo 887100000000A" && level==0 && jtag_device_ctx=="jsn1-0362f093-0"}' command is executed.
15:12:06 INFO  : Device configured successfully with "C:/Users/Aaro/Desktop/385/NDS_Capture_385/7_1_guyanw2/lab7/lab_7_2_sdk_new/mb_usb_hdmi/_ide/bitstream/mb_usb_hdmi_top.bit"
15:12:06 INFO  : Context for processor 'microblaze_0' is selected.
15:12:06 INFO  : Hardware design and registers information is loaded from 'C:/Users/Aaro/Desktop/385/NDS_Capture_385/7_1_guyanw2/lab7/lab_7_2_sdk_new/mb_usb_hdmi_top/export/mb_usb_hdmi_top/hw/mb_usb_hdmi_top.xsa'.
15:12:06 INFO  : 'configparams mdm-detect-bscan-mask 2' command is executed.
15:12:06 INFO  : Context for processor 'microblaze_0' is selected.
15:12:06 INFO  : System reset is completed.
15:12:09 INFO  : 'after 3000' command is executed.
15:12:09 INFO  : Context for processor 'microblaze_0' is selected.
15:12:09 INFO  : The application 'C:/Users/Aaro/Desktop/385/NDS_Capture_385/7_1_guyanw2/lab7/lab_7_2_sdk_new/mb_usb_hdmi/Debug/mb_usb_hdmi.elf' is downloaded to processor 'microblaze_0'.
15:12:09 INFO  : ----------------XSDB Script----------------
connect -url tcp:127.0.0.1:3121
targets -set -filter {jtag_cable_name =~ "RealDigital Boo 887100000000A" && level==0 && jtag_device_ctx=="jsn1-0362f093-0"}
fpga -file C:/Users/Aaro/Desktop/385/NDS_Capture_385/7_1_guyanw2/lab7/lab_7_2_sdk_new/mb_usb_hdmi/_ide/bitstream/mb_usb_hdmi_top.bit
targets -set -nocase -filter {name =~ "*microblaze*#0" && bscan=="USER2" }
loadhw -hw C:/Users/Aaro/Desktop/385/NDS_Capture_385/7_1_guyanw2/lab7/lab_7_2_sdk_new/mb_usb_hdmi_top/export/mb_usb_hdmi_top/hw/mb_usb_hdmi_top.xsa -regs
configparams mdm-detect-bscan-mask 2
targets -set -nocase -filter {name =~ "*microblaze*#0" && bscan=="USER2" }
rst -system
after 3000
targets -set -nocase -filter {name =~ "*microblaze*#0" && bscan=="USER2" }
dow C:/Users/Aaro/Desktop/385/NDS_Capture_385/7_1_guyanw2/lab7/lab_7_2_sdk_new/mb_usb_hdmi/Debug/mb_usb_hdmi.elf
----------------End of Script----------------

15:12:09 INFO  : Context for processor 'microblaze_0' is selected.
15:12:09 INFO  : 'con' command is executed.
15:12:09 INFO  : ----------------XSDB Script (After Launch)----------------
targets -set -nocase -filter {name =~ "*microblaze*#0" && bscan=="USER2" }
con
----------------End of Script----------------

15:12:09 INFO  : Launch script is exported to file 'C:\Users\Aaro\Desktop\385\NDS_Capture_385\7_1_guyanw2\lab7\lab_7_2_sdk_new\mb_usb_hdmi_system\_ide\scripts\debugger_mb_usb_hdmi-default.tcl'
15:12:27 INFO  : Build configuration of 'mb_usb_hdmi' is updated to 'Release'
15:12:27 INFO  : Checking for BSP changes to sync application flags for project 'mb_usb_hdmi'...
15:12:34 INFO  : Disconnected from the channel tcfchan#2.
15:12:35 INFO  : Connected to target on host '127.0.0.1' and port '3121'.
15:12:35 INFO  : Jtag cable 'RealDigital Boo 887100000000A' is selected.
15:12:35 INFO  : 'jtag frequency' command is executed.
15:12:35 INFO  : 'targets -set -filter {jtag_cable_name =~ "RealDigital Boo 887100000000A" && level==0 && jtag_device_ctx=="jsn1-0362f093-0"}' command is executed.
15:12:36 INFO  : Device configured successfully with "C:/Users/Aaro/Desktop/385/NDS_Capture_385/7_1_guyanw2/lab7/lab_7_2_sdk_new/mb_usb_hdmi/_ide/bitstream/mb_usb_hdmi_top.bit"
15:12:36 INFO  : Context for processor 'microblaze_0' is selected.
15:12:36 INFO  : Hardware design and registers information is loaded from 'C:/Users/Aaro/Desktop/385/NDS_Capture_385/7_1_guyanw2/lab7/lab_7_2_sdk_new/mb_usb_hdmi_top/export/mb_usb_hdmi_top/hw/mb_usb_hdmi_top.xsa'.
15:12:36 INFO  : 'configparams mdm-detect-bscan-mask 2' command is executed.
15:12:36 INFO  : Context for processor 'microblaze_0' is selected.
15:12:36 INFO  : System reset is completed.
15:12:39 INFO  : 'after 3000' command is executed.
15:12:39 INFO  : Context for processor 'microblaze_0' is selected.
15:12:40 INFO  : The application 'C:/Users/Aaro/Desktop/385/NDS_Capture_385/7_1_guyanw2/lab7/lab_7_2_sdk_new/mb_usb_hdmi/Debug/mb_usb_hdmi.elf' is downloaded to processor 'microblaze_0'.
15:12:40 INFO  : ----------------XSDB Script----------------
connect -url tcp:127.0.0.1:3121
targets -set -filter {jtag_cable_name =~ "RealDigital Boo 887100000000A" && level==0 && jtag_device_ctx=="jsn1-0362f093-0"}
fpga -file C:/Users/Aaro/Desktop/385/NDS_Capture_385/7_1_guyanw2/lab7/lab_7_2_sdk_new/mb_usb_hdmi/_ide/bitstream/mb_usb_hdmi_top.bit
targets -set -nocase -filter {name =~ "*microblaze*#0" && bscan=="USER2" }
loadhw -hw C:/Users/Aaro/Desktop/385/NDS_Capture_385/7_1_guyanw2/lab7/lab_7_2_sdk_new/mb_usb_hdmi_top/export/mb_usb_hdmi_top/hw/mb_usb_hdmi_top.xsa -regs
configparams mdm-detect-bscan-mask 2
targets -set -nocase -filter {name =~ "*microblaze*#0" && bscan=="USER2" }
rst -system
after 3000
targets -set -nocase -filter {name =~ "*microblaze*#0" && bscan=="USER2" }
dow C:/Users/Aaro/Desktop/385/NDS_Capture_385/7_1_guyanw2/lab7/lab_7_2_sdk_new/mb_usb_hdmi/Debug/mb_usb_hdmi.elf
----------------End of Script----------------

15:12:40 INFO  : Context for processor 'microblaze_0' is selected.
15:12:40 INFO  : 'con' command is executed.
15:12:40 INFO  : ----------------XSDB Script (After Launch)----------------
targets -set -nocase -filter {name =~ "*microblaze*#0" && bscan=="USER2" }
con
----------------End of Script----------------

15:12:40 INFO  : Launch script is exported to file 'C:\Users\Aaro\Desktop\385\NDS_Capture_385\7_1_guyanw2\lab7\lab_7_2_sdk_new\mb_usb_hdmi_system\_ide\scripts\debugger_mb_usb_hdmi-default.tcl'
15:13:30 INFO  : Disconnected from the channel tcfchan#3.
15:13:31 INFO  : Connected to target on host '127.0.0.1' and port '3121'.
15:13:31 INFO  : Jtag cable 'RealDigital Boo 887100000000A' is selected.
15:13:31 INFO  : 'jtag frequency' command is executed.
15:13:31 INFO  : 'targets -set -filter {jtag_cable_name =~ "RealDigital Boo 887100000000A" && level==0 && jtag_device_ctx=="jsn1-0362f093-0"}' command is executed.
15:13:32 INFO  : Device configured successfully with "C:/Users/Aaro/Desktop/385/NDS_Capture_385/7_1_guyanw2/lab7/lab_7_2_sdk_new/mb_usb_hdmi/_ide/bitstream/mb_usb_hdmi_top.bit"
15:13:32 INFO  : Context for processor 'microblaze_0' is selected.
15:13:32 INFO  : Hardware design and registers information is loaded from 'C:/Users/Aaro/Desktop/385/NDS_Capture_385/7_1_guyanw2/lab7/lab_7_2_sdk_new/mb_usb_hdmi_top/export/mb_usb_hdmi_top/hw/mb_usb_hdmi_top.xsa'.
15:13:32 INFO  : 'configparams mdm-detect-bscan-mask 2' command is executed.
15:13:32 INFO  : Context for processor 'microblaze_0' is selected.
15:13:32 INFO  : System reset is completed.
15:13:35 INFO  : 'after 3000' command is executed.
15:13:35 INFO  : Context for processor 'microblaze_0' is selected.
15:13:35 INFO  : The application 'C:/Users/Aaro/Desktop/385/NDS_Capture_385/7_1_guyanw2/lab7/lab_7_2_sdk_new/mb_usb_hdmi/Debug/mb_usb_hdmi.elf' is downloaded to processor 'microblaze_0'.
15:13:35 INFO  : ----------------XSDB Script----------------
connect -url tcp:127.0.0.1:3121
targets -set -filter {jtag_cable_name =~ "RealDigital Boo 887100000000A" && level==0 && jtag_device_ctx=="jsn1-0362f093-0"}
fpga -file C:/Users/Aaro/Desktop/385/NDS_Capture_385/7_1_guyanw2/lab7/lab_7_2_sdk_new/mb_usb_hdmi/_ide/bitstream/mb_usb_hdmi_top.bit
targets -set -nocase -filter {name =~ "*microblaze*#0" && bscan=="USER2" }
loadhw -hw C:/Users/Aaro/Desktop/385/NDS_Capture_385/7_1_guyanw2/lab7/lab_7_2_sdk_new/mb_usb_hdmi_top/export/mb_usb_hdmi_top/hw/mb_usb_hdmi_top.xsa -regs
configparams mdm-detect-bscan-mask 2
targets -set -nocase -filter {name =~ "*microblaze*#0" && bscan=="USER2" }
rst -system
after 3000
targets -set -nocase -filter {name =~ "*microblaze*#0" && bscan=="USER2" }
dow C:/Users/Aaro/Desktop/385/NDS_Capture_385/7_1_guyanw2/lab7/lab_7_2_sdk_new/mb_usb_hdmi/Debug/mb_usb_hdmi.elf
----------------End of Script----------------

15:13:36 INFO  : Context for processor 'microblaze_0' is selected.
15:13:36 INFO  : 'con' command is executed.
15:13:36 INFO  : ----------------XSDB Script (After Launch)----------------
targets -set -nocase -filter {name =~ "*microblaze*#0" && bscan=="USER2" }
con
----------------End of Script----------------

15:13:36 INFO  : Launch script is exported to file 'C:\Users\Aaro\Desktop\385\NDS_Capture_385\7_1_guyanw2\lab7\lab_7_2_sdk_new\mb_usb_hdmi_system\_ide\scripts\debugger_mb_usb_hdmi-default.tcl'
15:15:52 INFO  : Disconnected from the channel tcfchan#4.
15:15:53 INFO  : Connected to target on host '127.0.0.1' and port '3121'.
15:15:53 INFO  : Jtag cable 'RealDigital Boo 887100000000A' is selected.
15:15:53 INFO  : 'jtag frequency' command is executed.
15:15:53 INFO  : 'targets -set -filter {jtag_cable_name =~ "RealDigital Boo 887100000000A" && level==0 && jtag_device_ctx=="jsn1-0362f093-0"}' command is executed.
15:15:54 INFO  : Device configured successfully with "C:/Users/Aaro/Desktop/385/NDS_Capture_385/7_1_guyanw2/lab7/lab_7_2_sdk_new/mb_usb_hdmi/_ide/bitstream/mb_usb_hdmi_top.bit"
15:15:54 INFO  : Context for processor 'microblaze_0' is selected.
15:15:54 INFO  : Hardware design and registers information is loaded from 'C:/Users/Aaro/Desktop/385/NDS_Capture_385/7_1_guyanw2/lab7/lab_7_2_sdk_new/mb_usb_hdmi_top/export/mb_usb_hdmi_top/hw/mb_usb_hdmi_top.xsa'.
15:15:54 INFO  : 'configparams mdm-detect-bscan-mask 2' command is executed.
15:15:54 INFO  : Context for processor 'microblaze_0' is selected.
15:15:54 INFO  : System reset is completed.
15:15:58 INFO  : 'after 3000' command is executed.
15:15:58 INFO  : Context for processor 'microblaze_0' is selected.
15:15:58 INFO  : The application 'C:/Users/Aaro/Desktop/385/NDS_Capture_385/7_1_guyanw2/lab7/lab_7_2_sdk_new/mb_usb_hdmi/Debug/mb_usb_hdmi.elf' is downloaded to processor 'microblaze_0'.
15:15:58 INFO  : ----------------XSDB Script----------------
connect -url tcp:127.0.0.1:3121
targets -set -filter {jtag_cable_name =~ "RealDigital Boo 887100000000A" && level==0 && jtag_device_ctx=="jsn1-0362f093-0"}
fpga -file C:/Users/Aaro/Desktop/385/NDS_Capture_385/7_1_guyanw2/lab7/lab_7_2_sdk_new/mb_usb_hdmi/_ide/bitstream/mb_usb_hdmi_top.bit
targets -set -nocase -filter {name =~ "*microblaze*#0" && bscan=="USER2" }
loadhw -hw C:/Users/Aaro/Desktop/385/NDS_Capture_385/7_1_guyanw2/lab7/lab_7_2_sdk_new/mb_usb_hdmi_top/export/mb_usb_hdmi_top/hw/mb_usb_hdmi_top.xsa -regs
configparams mdm-detect-bscan-mask 2
targets -set -nocase -filter {name =~ "*microblaze*#0" && bscan=="USER2" }
rst -system
after 3000
targets -set -nocase -filter {name =~ "*microblaze*#0" && bscan=="USER2" }
dow C:/Users/Aaro/Desktop/385/NDS_Capture_385/7_1_guyanw2/lab7/lab_7_2_sdk_new/mb_usb_hdmi/Debug/mb_usb_hdmi.elf
----------------End of Script----------------

15:15:58 INFO  : Context for processor 'microblaze_0' is selected.
15:15:58 INFO  : 'con' command is executed.
15:15:58 INFO  : ----------------XSDB Script (After Launch)----------------
targets -set -nocase -filter {name =~ "*microblaze*#0" && bscan=="USER2" }
con
----------------End of Script----------------

15:15:58 INFO  : Launch script is exported to file 'C:\Users\Aaro\Desktop\385\NDS_Capture_385\7_1_guyanw2\lab7\lab_7_2_sdk_new\mb_usb_hdmi_system\_ide\scripts\debugger_mb_usb_hdmi-default.tcl'
15:16:35 INFO  : Disconnected from the channel tcfchan#5.
15:16:36 INFO  : Connected to target on host '127.0.0.1' and port '3121'.
15:16:36 INFO  : Jtag cable 'RealDigital Boo 887100000000A' is selected.
15:16:36 INFO  : 'jtag frequency' command is executed.
15:16:36 INFO  : 'targets -set -filter {jtag_cable_name =~ "RealDigital Boo 887100000000A" && level==0 && jtag_device_ctx=="jsn1-0362f093-0"}' command is executed.
15:16:37 INFO  : Device configured successfully with "C:/Users/Aaro/Desktop/385/NDS_Capture_385/7_1_guyanw2/lab7/lab_7_2_sdk_new/mb_usb_hdmi/_ide/bitstream/mb_usb_hdmi_top.bit"
15:16:37 INFO  : Context for processor 'microblaze_0' is selected.
15:16:37 INFO  : Hardware design and registers information is loaded from 'C:/Users/Aaro/Desktop/385/NDS_Capture_385/7_1_guyanw2/lab7/lab_7_2_sdk_new/mb_usb_hdmi_top/export/mb_usb_hdmi_top/hw/mb_usb_hdmi_top.xsa'.
15:16:37 INFO  : 'configparams mdm-detect-bscan-mask 2' command is executed.
15:16:37 INFO  : Context for processor 'microblaze_0' is selected.
15:16:37 INFO  : System reset is completed.
15:16:40 INFO  : 'after 3000' command is executed.
15:16:40 INFO  : Context for processor 'microblaze_0' is selected.
15:16:41 INFO  : The application 'C:/Users/Aaro/Desktop/385/NDS_Capture_385/7_1_guyanw2/lab7/lab_7_2_sdk_new/mb_usb_hdmi/Debug/mb_usb_hdmi.elf' is downloaded to processor 'microblaze_0'.
15:16:41 INFO  : ----------------XSDB Script----------------
connect -url tcp:127.0.0.1:3121
targets -set -filter {jtag_cable_name =~ "RealDigital Boo 887100000000A" && level==0 && jtag_device_ctx=="jsn1-0362f093-0"}
fpga -file C:/Users/Aaro/Desktop/385/NDS_Capture_385/7_1_guyanw2/lab7/lab_7_2_sdk_new/mb_usb_hdmi/_ide/bitstream/mb_usb_hdmi_top.bit
targets -set -nocase -filter {name =~ "*microblaze*#0" && bscan=="USER2" }
loadhw -hw C:/Users/Aaro/Desktop/385/NDS_Capture_385/7_1_guyanw2/lab7/lab_7_2_sdk_new/mb_usb_hdmi_top/export/mb_usb_hdmi_top/hw/mb_usb_hdmi_top.xsa -regs
configparams mdm-detect-bscan-mask 2
targets -set -nocase -filter {name =~ "*microblaze*#0" && bscan=="USER2" }
rst -system
after 3000
targets -set -nocase -filter {name =~ "*microblaze*#0" && bscan=="USER2" }
dow C:/Users/Aaro/Desktop/385/NDS_Capture_385/7_1_guyanw2/lab7/lab_7_2_sdk_new/mb_usb_hdmi/Debug/mb_usb_hdmi.elf
----------------End of Script----------------

15:16:41 INFO  : Context for processor 'microblaze_0' is selected.
15:16:41 INFO  : 'con' command is executed.
15:16:41 INFO  : ----------------XSDB Script (After Launch)----------------
targets -set -nocase -filter {name =~ "*microblaze*#0" && bscan=="USER2" }
con
----------------End of Script----------------

15:16:41 INFO  : Launch script is exported to file 'C:\Users\Aaro\Desktop\385\NDS_Capture_385\7_1_guyanw2\lab7\lab_7_2_sdk_new\mb_usb_hdmi_system\_ide\scripts\debugger_mb_usb_hdmi-default.tcl'
15:16:51 INFO  : Disconnected from the channel tcfchan#6.
15:19:46 DEBUG : Logs will be stored at 'C:/Users/Aaro/Desktop/385/NDS_Capture_385/7_1_guyanw2/lab7/lab_7_2_sdk_new/IDE.log'.
15:19:46 INFO  : Launching XSCT server: xsct.bat -n  -interactive C:\Users\Aaro\Desktop\385\NDS_Capture_385\7_1_guyanw2\lab7\lab_7_2_sdk_new\temp_xsdb_launch_script.tcl
15:19:50 INFO  : Platform repository initialization has completed.
15:19:50 INFO  : XSCT server has started successfully.
15:19:51 INFO  : Successfully done setting XSCT server connection channel  
15:19:51 INFO  : plnx-install-location is set to ''
15:19:51 INFO  : Successfully done query RDI_DATADIR 
15:19:51 INFO  : Successfully done setting workspace for the tool. 
15:19:51 INFO  : Registering command handlers for Vitis TCF services
15:20:04 INFO  : Connected to target on host '127.0.0.1' and port '3121'.
15:20:05 INFO  : Jtag cable 'RealDigital Boo 887100000000A' is selected.
15:20:05 INFO  : 'jtag frequency' command is executed.
15:20:05 INFO  : 'targets -set -filter {jtag_cable_name =~ "RealDigital Boo 887100000000A" && level==0 && jtag_device_ctx=="jsn1-0362f093-0"}' command is executed.
15:20:06 INFO  : Device configured successfully with "C:/Users/Aaro/Desktop/385/NDS_Capture_385/7_1_guyanw2/lab7/lab_7_2_sdk_new/mb_usb_hdmi/_ide/bitstream/mb_usb_hdmi_top.bit"
15:20:06 INFO  : Context for processor 'microblaze_0' is selected.
15:20:06 INFO  : Hardware design and registers information is loaded from 'C:/Users/Aaro/Desktop/385/NDS_Capture_385/7_1_guyanw2/lab7/lab_7_2_sdk_new/mb_usb_hdmi_top/export/mb_usb_hdmi_top/hw/mb_usb_hdmi_top.xsa'.
15:20:06 INFO  : 'configparams mdm-detect-bscan-mask 2' command is executed.
15:20:06 INFO  : Context for processor 'microblaze_0' is selected.
15:20:06 INFO  : System reset is completed.
15:20:09 INFO  : 'after 3000' command is executed.
15:20:09 INFO  : Context for processor 'microblaze_0' is selected.
15:20:09 INFO  : The application 'C:/Users/Aaro/Desktop/385/NDS_Capture_385/7_1_guyanw2/lab7/lab_7_2_sdk_new/mb_usb_hdmi/Debug/mb_usb_hdmi.elf' is downloaded to processor 'microblaze_0'.
15:20:09 INFO  : ----------------XSDB Script----------------
connect -url tcp:127.0.0.1:3121
targets -set -filter {jtag_cable_name =~ "RealDigital Boo 887100000000A" && level==0 && jtag_device_ctx=="jsn1-0362f093-0"}
fpga -file C:/Users/Aaro/Desktop/385/NDS_Capture_385/7_1_guyanw2/lab7/lab_7_2_sdk_new/mb_usb_hdmi/_ide/bitstream/mb_usb_hdmi_top.bit
targets -set -nocase -filter {name =~ "*microblaze*#0" && bscan=="USER2" }
loadhw -hw C:/Users/Aaro/Desktop/385/NDS_Capture_385/7_1_guyanw2/lab7/lab_7_2_sdk_new/mb_usb_hdmi_top/export/mb_usb_hdmi_top/hw/mb_usb_hdmi_top.xsa -regs
configparams mdm-detect-bscan-mask 2
targets -set -nocase -filter {name =~ "*microblaze*#0" && bscan=="USER2" }
rst -system
after 3000
targets -set -nocase -filter {name =~ "*microblaze*#0" && bscan=="USER2" }
dow C:/Users/Aaro/Desktop/385/NDS_Capture_385/7_1_guyanw2/lab7/lab_7_2_sdk_new/mb_usb_hdmi/Debug/mb_usb_hdmi.elf
----------------End of Script----------------

15:20:10 INFO  : Context for processor 'microblaze_0' is selected.
15:20:10 INFO  : 'con' command is executed.
15:20:10 INFO  : ----------------XSDB Script (After Launch)----------------
targets -set -nocase -filter {name =~ "*microblaze*#0" && bscan=="USER2" }
con
----------------End of Script----------------

15:20:10 INFO  : Launch script is exported to file 'C:\Users\Aaro\Desktop\385\NDS_Capture_385\7_1_guyanw2\lab7\lab_7_2_sdk_new\mb_usb_hdmi_system\_ide\scripts\debugger_mb_usb_hdmi-default.tcl'
15:20:46 INFO  : Checking for BSP changes to sync application flags for project 'mb_usb_hdmi'...
15:21:28 INFO  : Checking for BSP changes to sync application flags for project 'mb_usb_hdmi'...
15:21:33 INFO  : Checking for BSP changes to sync application flags for project 'mb_usb_hdmi'...
15:21:37 INFO  : Disconnected from the channel tcfchan#1.
15:21:41 INFO  : Connected to target on host '127.0.0.1' and port '3121'.
15:21:41 INFO  : Jtag cable 'RealDigital Boo 887100000000A' is selected.
15:21:41 INFO  : 'jtag frequency' command is executed.
15:21:41 INFO  : 'targets -set -filter {jtag_cable_name =~ "RealDigital Boo 887100000000A" && level==0 && jtag_device_ctx=="jsn1-0362f093-0"}' command is executed.
15:21:42 INFO  : Device configured successfully with "C:/Users/Aaro/Desktop/385/NDS_Capture_385/7_1_guyanw2/lab7/lab_7_2_sdk_new/mb_usb_hdmi/_ide/bitstream/mb_usb_hdmi_top.bit"
15:21:43 INFO  : Context for processor 'microblaze_0' is selected.
15:21:43 INFO  : Hardware design and registers information is loaded from 'C:/Users/Aaro/Desktop/385/NDS_Capture_385/7_1_guyanw2/lab7/lab_7_2_sdk_new/mb_usb_hdmi_top/export/mb_usb_hdmi_top/hw/mb_usb_hdmi_top.xsa'.
15:21:43 INFO  : 'configparams mdm-detect-bscan-mask 2' command is executed.
15:21:43 INFO  : Context for processor 'microblaze_0' is selected.
15:21:43 INFO  : System reset is completed.
15:21:46 INFO  : 'after 3000' command is executed.
15:21:46 INFO  : ----------------XSDB Script----------------
connect -url tcp:127.0.0.1:3121
targets -set -filter {jtag_cable_name =~ "RealDigital Boo 887100000000A" && level==0 && jtag_device_ctx=="jsn1-0362f093-0"}
fpga -file C:/Users/Aaro/Desktop/385/NDS_Capture_385/7_1_guyanw2/lab7/lab_7_2_sdk_new/mb_usb_hdmi/_ide/bitstream/mb_usb_hdmi_top.bit
targets -set -nocase -filter {name =~ "*microblaze*#0" && bscan=="USER2" }
loadhw -hw C:/Users/Aaro/Desktop/385/NDS_Capture_385/7_1_guyanw2/lab7/lab_7_2_sdk_new/mb_usb_hdmi_top/export/mb_usb_hdmi_top/hw/mb_usb_hdmi_top.xsa -regs
configparams mdm-detect-bscan-mask 2
targets -set -nocase -filter {name =~ "*microblaze*#0" && bscan=="USER2" }
rst -system
after 3000
----------------End of Script----------------

15:21:46 INFO  : Launch script is exported to file 'C:\Users\Aaro\Desktop\385\NDS_Capture_385\7_1_guyanw2\lab7\lab_7_2_sdk_new\mb_usb_hdmi_system\_ide\scripts\debugger_mb_usb_hdmi-default.tcl'
15:21:51 INFO  : Result from executing command 'removePlatformRepo': 
15:22:00 INFO  : Result from executing command 'getProjects': mb_usb_hdmi_top
15:22:00 INFO  : Result from executing command 'getPlatforms': 
15:22:00 INFO  : Checking for BSP changes to sync application flags for project 'mb_usb_hdmi'...
15:22:24 INFO  : Disconnected from the channel tcfchan#2.
15:22:43 INFO  : Hardware specification for platform project 'mb_usb_hdmi_top' is updated.
15:22:54 INFO  : Result from executing command 'getProjects': mb_usb_hdmi_top
15:22:54 INFO  : Result from executing command 'getPlatforms': mb_usb_hdmi_top|C:/Users/Aaro/Desktop/385/NDS_Capture_385/7_1_guyanw2/lab7/lab_7_2_sdk_new/mb_usb_hdmi_top/export/mb_usb_hdmi_top/mb_usb_hdmi_top.xpfm
15:22:54 INFO  : Checking for BSP changes to sync application flags for project 'mb_usb_hdmi'...
15:23:24 INFO  : Connected to target on host '127.0.0.1' and port '3121'.
15:23:24 INFO  : Jtag cable 'RealDigital Boo 887100000000A' is selected.
15:23:24 INFO  : 'jtag frequency' command is executed.
15:23:24 INFO  : 'targets -set -filter {jtag_cable_name =~ "RealDigital Boo 887100000000A" && level==0 && jtag_device_ctx=="jsn1-0362f093-0"}' command is executed.
15:23:25 INFO  : Device configured successfully with "C:/Users/Aaro/Desktop/385/NDS_Capture_385/7_1_guyanw2/lab7/lab_7_2_sdk_new/mb_usb_hdmi/_ide/bitstream/mb_usb_hdmi_top.bit"
15:23:25 INFO  : Context for processor 'microblaze_0' is selected.
15:23:25 INFO  : Hardware design and registers information is loaded from 'C:/Users/Aaro/Desktop/385/NDS_Capture_385/7_1_guyanw2/lab7/lab_7_2_sdk_new/mb_usb_hdmi_top/export/mb_usb_hdmi_top/hw/mb_usb_hdmi_top.xsa'.
15:23:25 INFO  : 'configparams mdm-detect-bscan-mask 2' command is executed.
15:23:25 INFO  : Context for processor 'microblaze_0' is selected.
15:23:25 INFO  : System reset is completed.
15:23:28 INFO  : 'after 3000' command is executed.
15:23:28 INFO  : Context for processor 'microblaze_0' is selected.
15:23:29 INFO  : The application 'C:/Users/Aaro/Desktop/385/NDS_Capture_385/7_1_guyanw2/lab7/lab_7_2_sdk_new/mb_usb_hdmi/Release/mb_usb_hdmi.elf' is downloaded to processor 'microblaze_0'.
15:23:29 INFO  : ----------------XSDB Script----------------
connect -url tcp:127.0.0.1:3121
targets -set -filter {jtag_cable_name =~ "RealDigital Boo 887100000000A" && level==0 && jtag_device_ctx=="jsn1-0362f093-0"}
fpga -file C:/Users/Aaro/Desktop/385/NDS_Capture_385/7_1_guyanw2/lab7/lab_7_2_sdk_new/mb_usb_hdmi/_ide/bitstream/mb_usb_hdmi_top.bit
targets -set -nocase -filter {name =~ "*microblaze*#0" && bscan=="USER2" }
loadhw -hw C:/Users/Aaro/Desktop/385/NDS_Capture_385/7_1_guyanw2/lab7/lab_7_2_sdk_new/mb_usb_hdmi_top/export/mb_usb_hdmi_top/hw/mb_usb_hdmi_top.xsa -regs
configparams mdm-detect-bscan-mask 2
targets -set -nocase -filter {name =~ "*microblaze*#0" && bscan=="USER2" }
rst -system
after 3000
targets -set -nocase -filter {name =~ "*microblaze*#0" && bscan=="USER2" }
dow C:/Users/Aaro/Desktop/385/NDS_Capture_385/7_1_guyanw2/lab7/lab_7_2_sdk_new/mb_usb_hdmi/Release/mb_usb_hdmi.elf
----------------End of Script----------------

15:23:29 INFO  : Context for processor 'microblaze_0' is selected.
15:23:29 INFO  : 'con' command is executed.
15:23:29 INFO  : ----------------XSDB Script (After Launch)----------------
targets -set -nocase -filter {name =~ "*microblaze*#0" && bscan=="USER2" }
con
----------------End of Script----------------

15:23:29 INFO  : Launch script is exported to file 'C:\Users\Aaro\Desktop\385\NDS_Capture_385\7_1_guyanw2\lab7\lab_7_2_sdk_new\mb_usb_hdmi_system\_ide\scripts\debugger_mb_usb_hdmi-default.tcl'
15:25:17 INFO  : Disconnected from the channel tcfchan#6.
15:25:18 INFO  : Connected to target on host '127.0.0.1' and port '3121'.
15:25:18 INFO  : Jtag cable 'RealDigital Boo 887100000000A' is selected.
15:25:18 INFO  : 'jtag frequency' command is executed.
15:25:18 INFO  : 'targets -set -filter {jtag_cable_name =~ "RealDigital Boo 887100000000A" && level==0 && jtag_device_ctx=="jsn1-0362f093-0"}' command is executed.
15:25:20 INFO  : Device configured successfully with "C:/Users/Aaro/Desktop/385/NDS_Capture_385/7_1_guyanw2/lab7/lab_7_2_sdk_new/mb_usb_hdmi/_ide/bitstream/mb_usb_hdmi_top.bit"
15:25:20 INFO  : Context for processor 'microblaze_0' is selected.
15:25:20 INFO  : Hardware design and registers information is loaded from 'C:/Users/Aaro/Desktop/385/NDS_Capture_385/7_1_guyanw2/lab7/lab_7_2_sdk_new/mb_usb_hdmi_top/export/mb_usb_hdmi_top/hw/mb_usb_hdmi_top.xsa'.
15:25:20 INFO  : 'configparams mdm-detect-bscan-mask 2' command is executed.
15:25:20 INFO  : Context for processor 'microblaze_0' is selected.
15:25:20 INFO  : System reset is completed.
15:25:23 INFO  : 'after 3000' command is executed.
15:25:23 INFO  : Context for processor 'microblaze_0' is selected.
15:25:23 INFO  : The application 'C:/Users/Aaro/Desktop/385/NDS_Capture_385/7_1_guyanw2/lab7/lab_7_2_sdk_new/mb_usb_hdmi/Release/mb_usb_hdmi.elf' is downloaded to processor 'microblaze_0'.
15:25:23 INFO  : ----------------XSDB Script----------------
connect -url tcp:127.0.0.1:3121
targets -set -filter {jtag_cable_name =~ "RealDigital Boo 887100000000A" && level==0 && jtag_device_ctx=="jsn1-0362f093-0"}
fpga -file C:/Users/Aaro/Desktop/385/NDS_Capture_385/7_1_guyanw2/lab7/lab_7_2_sdk_new/mb_usb_hdmi/_ide/bitstream/mb_usb_hdmi_top.bit
targets -set -nocase -filter {name =~ "*microblaze*#0" && bscan=="USER2" }
loadhw -hw C:/Users/Aaro/Desktop/385/NDS_Capture_385/7_1_guyanw2/lab7/lab_7_2_sdk_new/mb_usb_hdmi_top/export/mb_usb_hdmi_top/hw/mb_usb_hdmi_top.xsa -regs
configparams mdm-detect-bscan-mask 2
targets -set -nocase -filter {name =~ "*microblaze*#0" && bscan=="USER2" }
rst -system
after 3000
targets -set -nocase -filter {name =~ "*microblaze*#0" && bscan=="USER2" }
dow C:/Users/Aaro/Desktop/385/NDS_Capture_385/7_1_guyanw2/lab7/lab_7_2_sdk_new/mb_usb_hdmi/Release/mb_usb_hdmi.elf
----------------End of Script----------------

15:25:23 INFO  : Context for processor 'microblaze_0' is selected.
15:25:23 INFO  : 'con' command is executed.
15:25:23 INFO  : ----------------XSDB Script (After Launch)----------------
targets -set -nocase -filter {name =~ "*microblaze*#0" && bscan=="USER2" }
con
----------------End of Script----------------

15:25:23 INFO  : Launch script is exported to file 'C:\Users\Aaro\Desktop\385\NDS_Capture_385\7_1_guyanw2\lab7\lab_7_2_sdk_new\mb_usb_hdmi_system\_ide\scripts\debugger_mb_usb_hdmi-default.tcl'
15:25:45 INFO  : Disconnected from the channel tcfchan#7.
15:25:46 INFO  : Connected to target on host '127.0.0.1' and port '3121'.
15:25:46 INFO  : Jtag cable 'RealDigital Boo 887100000000A' is selected.
15:25:46 INFO  : 'jtag frequency' command is executed.
15:25:46 INFO  : 'targets -set -filter {jtag_cable_name =~ "RealDigital Boo 887100000000A" && level==0 && jtag_device_ctx=="jsn1-0362f093-0"}' command is executed.
15:25:48 INFO  : Device configured successfully with "C:/Users/Aaro/Desktop/385/NDS_Capture_385/7_1_guyanw2/lab7/lab_7_2_sdk_new/mb_usb_hdmi/_ide/bitstream/mb_usb_hdmi_top.bit"
15:25:48 INFO  : Context for processor 'microblaze_0' is selected.
15:25:48 INFO  : Hardware design and registers information is loaded from 'C:/Users/Aaro/Desktop/385/NDS_Capture_385/7_1_guyanw2/lab7/lab_7_2_sdk_new/mb_usb_hdmi_top/export/mb_usb_hdmi_top/hw/mb_usb_hdmi_top.xsa'.
15:25:48 INFO  : 'configparams mdm-detect-bscan-mask 2' command is executed.
15:25:48 INFO  : Context for processor 'microblaze_0' is selected.
15:25:48 INFO  : System reset is completed.
15:25:51 INFO  : 'after 3000' command is executed.
15:25:51 INFO  : Context for processor 'microblaze_0' is selected.
15:25:51 INFO  : The application 'C:/Users/Aaro/Desktop/385/NDS_Capture_385/7_1_guyanw2/lab7/lab_7_2_sdk_new/mb_usb_hdmi/Release/mb_usb_hdmi.elf' is downloaded to processor 'microblaze_0'.
15:25:51 INFO  : ----------------XSDB Script----------------
connect -url tcp:127.0.0.1:3121
targets -set -filter {jtag_cable_name =~ "RealDigital Boo 887100000000A" && level==0 && jtag_device_ctx=="jsn1-0362f093-0"}
fpga -file C:/Users/Aaro/Desktop/385/NDS_Capture_385/7_1_guyanw2/lab7/lab_7_2_sdk_new/mb_usb_hdmi/_ide/bitstream/mb_usb_hdmi_top.bit
targets -set -nocase -filter {name =~ "*microblaze*#0" && bscan=="USER2" }
loadhw -hw C:/Users/Aaro/Desktop/385/NDS_Capture_385/7_1_guyanw2/lab7/lab_7_2_sdk_new/mb_usb_hdmi_top/export/mb_usb_hdmi_top/hw/mb_usb_hdmi_top.xsa -regs
configparams mdm-detect-bscan-mask 2
targets -set -nocase -filter {name =~ "*microblaze*#0" && bscan=="USER2" }
rst -system
after 3000
targets -set -nocase -filter {name =~ "*microblaze*#0" && bscan=="USER2" }
dow C:/Users/Aaro/Desktop/385/NDS_Capture_385/7_1_guyanw2/lab7/lab_7_2_sdk_new/mb_usb_hdmi/Release/mb_usb_hdmi.elf
----------------End of Script----------------

15:25:51 INFO  : Context for processor 'microblaze_0' is selected.
15:25:51 INFO  : 'con' command is executed.
15:25:51 INFO  : ----------------XSDB Script (After Launch)----------------
targets -set -nocase -filter {name =~ "*microblaze*#0" && bscan=="USER2" }
con
----------------End of Script----------------

15:25:51 INFO  : Launch script is exported to file 'C:\Users\Aaro\Desktop\385\NDS_Capture_385\7_1_guyanw2\lab7\lab_7_2_sdk_new\mb_usb_hdmi_system\_ide\scripts\debugger_mb_usb_hdmi-default.tcl'
15:26:09 INFO  : Disconnected from the channel tcfchan#8.
15:26:10 INFO  : Connected to target on host '127.0.0.1' and port '3121'.
15:26:11 INFO  : Jtag cable 'RealDigital Boo 887100000000A' is selected.
15:26:11 INFO  : 'jtag frequency' command is executed.
15:26:11 INFO  : 'targets -set -filter {jtag_cable_name =~ "RealDigital Boo 887100000000A" && level==0 && jtag_device_ctx=="jsn1-0362f093-0"}' command is executed.
15:26:12 INFO  : Device configured successfully with "C:/Users/Aaro/Desktop/385/NDS_Capture_385/7_1_guyanw2/lab7/lab_7_2_sdk_new/mb_usb_hdmi/_ide/bitstream/mb_usb_hdmi_top.bit"
15:26:12 INFO  : Context for processor 'microblaze_0' is selected.
15:26:12 INFO  : Hardware design and registers information is loaded from 'C:/Users/Aaro/Desktop/385/NDS_Capture_385/7_1_guyanw2/lab7/lab_7_2_sdk_new/mb_usb_hdmi_top/export/mb_usb_hdmi_top/hw/mb_usb_hdmi_top.xsa'.
15:26:12 INFO  : 'configparams mdm-detect-bscan-mask 2' command is executed.
15:26:12 INFO  : Context for processor 'microblaze_0' is selected.
15:26:12 INFO  : System reset is completed.
15:26:14 INFO  : Checking for BSP changes to sync application flags for project 'mb_usb_hdmi'...
15:26:15 INFO  : 'after 3000' command is executed.
15:26:15 INFO  : Context for processor 'microblaze_0' is selected.
15:26:15 INFO  : The application 'C:/Users/Aaro/Desktop/385/NDS_Capture_385/7_1_guyanw2/lab7/lab_7_2_sdk_new/mb_usb_hdmi/Release/mb_usb_hdmi.elf' is downloaded to processor 'microblaze_0'.
15:26:15 INFO  : ----------------XSDB Script----------------
connect -url tcp:127.0.0.1:3121
targets -set -filter {jtag_cable_name =~ "RealDigital Boo 887100000000A" && level==0 && jtag_device_ctx=="jsn1-0362f093-0"}
fpga -file C:/Users/Aaro/Desktop/385/NDS_Capture_385/7_1_guyanw2/lab7/lab_7_2_sdk_new/mb_usb_hdmi/_ide/bitstream/mb_usb_hdmi_top.bit
targets -set -nocase -filter {name =~ "*microblaze*#0" && bscan=="USER2" }
loadhw -hw C:/Users/Aaro/Desktop/385/NDS_Capture_385/7_1_guyanw2/lab7/lab_7_2_sdk_new/mb_usb_hdmi_top/export/mb_usb_hdmi_top/hw/mb_usb_hdmi_top.xsa -regs
configparams mdm-detect-bscan-mask 2
targets -set -nocase -filter {name =~ "*microblaze*#0" && bscan=="USER2" }
rst -system
after 3000
targets -set -nocase -filter {name =~ "*microblaze*#0" && bscan=="USER2" }
dow C:/Users/Aaro/Desktop/385/NDS_Capture_385/7_1_guyanw2/lab7/lab_7_2_sdk_new/mb_usb_hdmi/Release/mb_usb_hdmi.elf
----------------End of Script----------------

15:26:16 INFO  : Context for processor 'microblaze_0' is selected.
15:26:16 INFO  : 'con' command is executed.
15:26:16 INFO  : ----------------XSDB Script (After Launch)----------------
targets -set -nocase -filter {name =~ "*microblaze*#0" && bscan=="USER2" }
con
----------------End of Script----------------

15:26:16 INFO  : Launch script is exported to file 'C:\Users\Aaro\Desktop\385\NDS_Capture_385\7_1_guyanw2\lab7\lab_7_2_sdk_new\mb_usb_hdmi_system\_ide\scripts\debugger_mb_usb_hdmi-default.tcl'
15:26:23 INFO  : Checking for BSP changes to sync application flags for project 'mb_usb_hdmi'...
15:26:26 INFO  : Disconnected from the channel tcfchan#9.
15:26:27 INFO  : Connected to target on host '127.0.0.1' and port '3121'.
15:26:28 INFO  : Jtag cable 'RealDigital Boo 887100000000A' is selected.
15:26:28 INFO  : 'jtag frequency' command is executed.
15:26:28 INFO  : 'targets -set -filter {jtag_cable_name =~ "RealDigital Boo 887100000000A" && level==0 && jtag_device_ctx=="jsn1-0362f093-0"}' command is executed.
15:26:29 INFO  : Device configured successfully with "C:/Users/Aaro/Desktop/385/NDS_Capture_385/7_1_guyanw2/lab7/lab_7_2_sdk_new/mb_usb_hdmi/_ide/bitstream/mb_usb_hdmi_top.bit"
15:26:29 INFO  : Context for processor 'microblaze_0' is selected.
15:26:29 INFO  : Hardware design and registers information is loaded from 'C:/Users/Aaro/Desktop/385/NDS_Capture_385/7_1_guyanw2/lab7/lab_7_2_sdk_new/mb_usb_hdmi_top/export/mb_usb_hdmi_top/hw/mb_usb_hdmi_top.xsa'.
15:26:29 INFO  : 'configparams mdm-detect-bscan-mask 2' command is executed.
15:26:29 INFO  : Context for processor 'microblaze_0' is selected.
15:26:29 INFO  : System reset is completed.
15:26:32 INFO  : 'after 3000' command is executed.
15:26:32 INFO  : Context for processor 'microblaze_0' is selected.
15:26:32 INFO  : The application 'C:/Users/Aaro/Desktop/385/NDS_Capture_385/7_1_guyanw2/lab7/lab_7_2_sdk_new/mb_usb_hdmi/Release/mb_usb_hdmi.elf' is downloaded to processor 'microblaze_0'.
15:26:32 INFO  : ----------------XSDB Script----------------
connect -url tcp:127.0.0.1:3121
targets -set -filter {jtag_cable_name =~ "RealDigital Boo 887100000000A" && level==0 && jtag_device_ctx=="jsn1-0362f093-0"}
fpga -file C:/Users/Aaro/Desktop/385/NDS_Capture_385/7_1_guyanw2/lab7/lab_7_2_sdk_new/mb_usb_hdmi/_ide/bitstream/mb_usb_hdmi_top.bit
targets -set -nocase -filter {name =~ "*microblaze*#0" && bscan=="USER2" }
loadhw -hw C:/Users/Aaro/Desktop/385/NDS_Capture_385/7_1_guyanw2/lab7/lab_7_2_sdk_new/mb_usb_hdmi_top/export/mb_usb_hdmi_top/hw/mb_usb_hdmi_top.xsa -regs
configparams mdm-detect-bscan-mask 2
targets -set -nocase -filter {name =~ "*microblaze*#0" && bscan=="USER2" }
rst -system
after 3000
targets -set -nocase -filter {name =~ "*microblaze*#0" && bscan=="USER2" }
dow C:/Users/Aaro/Desktop/385/NDS_Capture_385/7_1_guyanw2/lab7/lab_7_2_sdk_new/mb_usb_hdmi/Release/mb_usb_hdmi.elf
----------------End of Script----------------

15:26:33 INFO  : Context for processor 'microblaze_0' is selected.
15:26:33 INFO  : 'con' command is executed.
15:26:33 INFO  : ----------------XSDB Script (After Launch)----------------
targets -set -nocase -filter {name =~ "*microblaze*#0" && bscan=="USER2" }
con
----------------End of Script----------------

15:26:33 INFO  : Launch script is exported to file 'C:\Users\Aaro\Desktop\385\NDS_Capture_385\7_1_guyanw2\lab7\lab_7_2_sdk_new\mb_usb_hdmi_system\_ide\scripts\debugger_mb_usb_hdmi-default.tcl'
15:42:12 INFO  : Hardware specification for platform project 'mb_usb_hdmi_top' is updated.
15:42:19 INFO  : Result from executing command 'removePlatformRepo': 
15:42:30 INFO  : Result from executing command 'getProjects': mb_usb_hdmi_top
15:42:30 INFO  : Result from executing command 'getPlatforms': 
15:42:34 INFO  : Disconnected from the channel tcfchan#10.
15:42:35 INFO  : The hardware specification used by project 'mb_usb_hdmi' is out of sync with the platform. Resource files extracted from the hardware specification will be updated.
15:42:35 INFO  : The file 'C:\Users\Aaro\Desktop\385\NDS_Capture_385\7_1_guyanw2\lab7\lab_7_2_sdk_new\mb_usb_hdmi\_ide\bitstream\mb_usb_hdmi_top.bit' stored in project is removed.
15:42:35 INFO  : The file 'C:\Users\Aaro\Desktop\385\NDS_Capture_385\7_1_guyanw2\lab7\lab_7_2_sdk_new\mb_usb_hdmi\_ide\bitstream\mb_usb_hdmi_top.mmi' stored in project is removed.
15:42:35 INFO  : The updated bitstream files are copied from platform to folder 'C:\Users\Aaro\Desktop\385\NDS_Capture_385\7_1_guyanw2\lab7\lab_7_2_sdk_new\mb_usb_hdmi\_ide\bitstream' in project 'mb_usb_hdmi'.
15:42:35 INFO  : Connected to target on host '127.0.0.1' and port '3121'.
15:42:36 INFO  : Jtag cable 'RealDigital Boo 887100000000A' is selected.
15:42:36 INFO  : 'jtag frequency' command is executed.
15:42:36 INFO  : 'targets -set -filter {jtag_cable_name =~ "RealDigital Boo 887100000000A" && level==0 && jtag_device_ctx=="jsn1-0362f093-0"}' command is executed.
15:42:37 INFO  : Device configured successfully with "C:/Users/Aaro/Desktop/385/NDS_Capture_385/7_1_guyanw2/lab7/lab_7_2_sdk_new/mb_usb_hdmi/_ide/bitstream/mb_usb_hdmi_top.bit"
15:42:37 INFO  : Context for processor 'microblaze_0' is selected.
15:42:37 INFO  : Hardware design and registers information is loaded from 'C:/Users/Aaro/Desktop/385/NDS_Capture_385/7_1_guyanw2/lab7/lab_7_2_sdk_new/mb_usb_hdmi_top/export/mb_usb_hdmi_top/hw/mb_usb_hdmi_top.xsa'.
15:42:37 INFO  : 'configparams mdm-detect-bscan-mask 2' command is executed.
15:42:37 INFO  : Context for processor 'microblaze_0' is selected.
15:42:37 INFO  : System reset is completed.
15:42:40 INFO  : 'after 3000' command is executed.
15:42:40 INFO  : Context for processor 'microblaze_0' is selected.
15:42:40 INFO  : The application 'C:/Users/Aaro/Desktop/385/NDS_Capture_385/7_1_guyanw2/lab7/lab_7_2_sdk_new/mb_usb_hdmi/Release/mb_usb_hdmi.elf' is downloaded to processor 'microblaze_0'.
15:42:40 INFO  : ----------------XSDB Script----------------
connect -url tcp:127.0.0.1:3121
targets -set -filter {jtag_cable_name =~ "RealDigital Boo 887100000000A" && level==0 && jtag_device_ctx=="jsn1-0362f093-0"}
fpga -file C:/Users/Aaro/Desktop/385/NDS_Capture_385/7_1_guyanw2/lab7/lab_7_2_sdk_new/mb_usb_hdmi/_ide/bitstream/mb_usb_hdmi_top.bit
targets -set -nocase -filter {name =~ "*microblaze*#0" && bscan=="USER2" }
loadhw -hw C:/Users/Aaro/Desktop/385/NDS_Capture_385/7_1_guyanw2/lab7/lab_7_2_sdk_new/mb_usb_hdmi_top/export/mb_usb_hdmi_top/hw/mb_usb_hdmi_top.xsa -regs
configparams mdm-detect-bscan-mask 2
targets -set -nocase -filter {name =~ "*microblaze*#0" && bscan=="USER2" }
rst -system
after 3000
targets -set -nocase -filter {name =~ "*microblaze*#0" && bscan=="USER2" }
dow C:/Users/Aaro/Desktop/385/NDS_Capture_385/7_1_guyanw2/lab7/lab_7_2_sdk_new/mb_usb_hdmi/Release/mb_usb_hdmi.elf
----------------End of Script----------------

15:42:41 INFO  : Context for processor 'microblaze_0' is selected.
15:42:41 INFO  : 'con' command is executed.
15:42:41 INFO  : ----------------XSDB Script (After Launch)----------------
targets -set -nocase -filter {name =~ "*microblaze*#0" && bscan=="USER2" }
con
----------------End of Script----------------

15:42:41 INFO  : Launch script is exported to file 'C:\Users\Aaro\Desktop\385\NDS_Capture_385\7_1_guyanw2\lab7\lab_7_2_sdk_new\mb_usb_hdmi_system\_ide\scripts\debugger_mb_usb_hdmi-default.tcl'
15:43:12 INFO  : Disconnected from the channel tcfchan#13.
15:43:13 INFO  : Connected to target on host '127.0.0.1' and port '3121'.
15:43:13 INFO  : Jtag cable 'RealDigital Boo 887100000000A' is selected.
15:43:13 INFO  : 'jtag frequency' command is executed.
15:43:13 INFO  : 'targets -set -filter {jtag_cable_name =~ "RealDigital Boo 887100000000A" && level==0 && jtag_device_ctx=="jsn1-0362f093-0"}' command is executed.
15:43:14 INFO  : Device configured successfully with "C:/Users/Aaro/Desktop/385/NDS_Capture_385/7_1_guyanw2/lab7/lab_7_2_sdk_new/mb_usb_hdmi/_ide/bitstream/mb_usb_hdmi_top.bit"
15:43:14 INFO  : Context for processor 'microblaze_0' is selected.
15:43:14 INFO  : Hardware design and registers information is loaded from 'C:/Users/Aaro/Desktop/385/NDS_Capture_385/7_1_guyanw2/lab7/lab_7_2_sdk_new/mb_usb_hdmi_top/export/mb_usb_hdmi_top/hw/mb_usb_hdmi_top.xsa'.
15:43:14 INFO  : 'configparams mdm-detect-bscan-mask 2' command is executed.
15:43:14 INFO  : Context for processor 'microblaze_0' is selected.
15:43:14 INFO  : System reset is completed.
15:43:17 INFO  : 'after 3000' command is executed.
15:43:18 INFO  : Context for processor 'microblaze_0' is selected.
15:43:18 INFO  : The application 'C:/Users/Aaro/Desktop/385/NDS_Capture_385/7_1_guyanw2/lab7/lab_7_2_sdk_new/mb_usb_hdmi/Release/mb_usb_hdmi.elf' is downloaded to processor 'microblaze_0'.
15:43:18 INFO  : ----------------XSDB Script----------------
connect -url tcp:127.0.0.1:3121
targets -set -filter {jtag_cable_name =~ "RealDigital Boo 887100000000A" && level==0 && jtag_device_ctx=="jsn1-0362f093-0"}
fpga -file C:/Users/Aaro/Desktop/385/NDS_Capture_385/7_1_guyanw2/lab7/lab_7_2_sdk_new/mb_usb_hdmi/_ide/bitstream/mb_usb_hdmi_top.bit
targets -set -nocase -filter {name =~ "*microblaze*#0" && bscan=="USER2" }
loadhw -hw C:/Users/Aaro/Desktop/385/NDS_Capture_385/7_1_guyanw2/lab7/lab_7_2_sdk_new/mb_usb_hdmi_top/export/mb_usb_hdmi_top/hw/mb_usb_hdmi_top.xsa -regs
configparams mdm-detect-bscan-mask 2
targets -set -nocase -filter {name =~ "*microblaze*#0" && bscan=="USER2" }
rst -system
after 3000
targets -set -nocase -filter {name =~ "*microblaze*#0" && bscan=="USER2" }
dow C:/Users/Aaro/Desktop/385/NDS_Capture_385/7_1_guyanw2/lab7/lab_7_2_sdk_new/mb_usb_hdmi/Release/mb_usb_hdmi.elf
----------------End of Script----------------

15:43:18 INFO  : Context for processor 'microblaze_0' is selected.
15:43:18 INFO  : 'con' command is executed.
15:43:18 INFO  : ----------------XSDB Script (After Launch)----------------
targets -set -nocase -filter {name =~ "*microblaze*#0" && bscan=="USER2" }
con
----------------End of Script----------------

15:43:18 INFO  : Launch script is exported to file 'C:\Users\Aaro\Desktop\385\NDS_Capture_385\7_1_guyanw2\lab7\lab_7_2_sdk_new\mb_usb_hdmi_system\_ide\scripts\debugger_mb_usb_hdmi-default.tcl'
16:01:45 INFO  : Hardware specification for platform project 'mb_usb_hdmi_top' is updated.
16:01:59 INFO  : Result from executing command 'getProjects': mb_usb_hdmi_top
16:01:59 INFO  : Result from executing command 'getPlatforms': mb_usb_hdmi_top|C:/Users/Aaro/Desktop/385/NDS_Capture_385/7_1_guyanw2/lab7/lab_7_2_sdk_new/mb_usb_hdmi_top/export/mb_usb_hdmi_top/mb_usb_hdmi_top.xpfm
16:02:03 INFO  : Disconnected from the channel tcfchan#14.
16:02:04 INFO  : The hardware specification used by project 'mb_usb_hdmi' is out of sync with the platform. Resource files extracted from the hardware specification will be updated.
16:02:04 INFO  : The file 'C:\Users\Aaro\Desktop\385\NDS_Capture_385\7_1_guyanw2\lab7\lab_7_2_sdk_new\mb_usb_hdmi\_ide\bitstream\mb_usb_hdmi_top.bit' stored in project is removed.
16:02:04 INFO  : The file 'C:\Users\Aaro\Desktop\385\NDS_Capture_385\7_1_guyanw2\lab7\lab_7_2_sdk_new\mb_usb_hdmi\_ide\bitstream\mb_usb_hdmi_top.mmi' stored in project is removed.
16:02:04 INFO  : The updated bitstream files are copied from platform to folder 'C:\Users\Aaro\Desktop\385\NDS_Capture_385\7_1_guyanw2\lab7\lab_7_2_sdk_new\mb_usb_hdmi\_ide\bitstream' in project 'mb_usb_hdmi'.
16:02:04 INFO  : Connected to target on host '127.0.0.1' and port '3121'.
16:02:04 INFO  : Jtag cable 'RealDigital Boo 887100000000A' is selected.
16:02:04 INFO  : 'jtag frequency' command is executed.
16:02:04 INFO  : 'targets -set -filter {jtag_cable_name =~ "RealDigital Boo 887100000000A" && level==0 && jtag_device_ctx=="jsn1-0362f093-0"}' command is executed.
16:02:05 INFO  : Device configured successfully with "C:/Users/Aaro/Desktop/385/NDS_Capture_385/7_1_guyanw2/lab7/lab_7_2_sdk_new/mb_usb_hdmi/_ide/bitstream/mb_usb_hdmi_top.bit"
16:02:05 INFO  : Context for processor 'microblaze_0' is selected.
16:02:05 INFO  : Hardware design and registers information is loaded from 'C:/Users/Aaro/Desktop/385/NDS_Capture_385/7_1_guyanw2/lab7/lab_7_2_sdk_new/mb_usb_hdmi_top/export/mb_usb_hdmi_top/hw/mb_usb_hdmi_top.xsa'.
16:02:05 INFO  : 'configparams mdm-detect-bscan-mask 2' command is executed.
16:02:05 INFO  : Context for processor 'microblaze_0' is selected.
16:02:05 INFO  : System reset is completed.
16:02:08 INFO  : 'after 3000' command is executed.
16:02:09 INFO  : Context for processor 'microblaze_0' is selected.
16:02:09 INFO  : The application 'C:/Users/Aaro/Desktop/385/NDS_Capture_385/7_1_guyanw2/lab7/lab_7_2_sdk_new/mb_usb_hdmi/Release/mb_usb_hdmi.elf' is downloaded to processor 'microblaze_0'.
16:02:09 INFO  : ----------------XSDB Script----------------
connect -url tcp:127.0.0.1:3121
targets -set -filter {jtag_cable_name =~ "RealDigital Boo 887100000000A" && level==0 && jtag_device_ctx=="jsn1-0362f093-0"}
fpga -file C:/Users/Aaro/Desktop/385/NDS_Capture_385/7_1_guyanw2/lab7/lab_7_2_sdk_new/mb_usb_hdmi/_ide/bitstream/mb_usb_hdmi_top.bit
targets -set -nocase -filter {name =~ "*microblaze*#0" && bscan=="USER2" }
loadhw -hw C:/Users/Aaro/Desktop/385/NDS_Capture_385/7_1_guyanw2/lab7/lab_7_2_sdk_new/mb_usb_hdmi_top/export/mb_usb_hdmi_top/hw/mb_usb_hdmi_top.xsa -regs
configparams mdm-detect-bscan-mask 2
targets -set -nocase -filter {name =~ "*microblaze*#0" && bscan=="USER2" }
rst -system
after 3000
targets -set -nocase -filter {name =~ "*microblaze*#0" && bscan=="USER2" }
dow C:/Users/Aaro/Desktop/385/NDS_Capture_385/7_1_guyanw2/lab7/lab_7_2_sdk_new/mb_usb_hdmi/Release/mb_usb_hdmi.elf
----------------End of Script----------------

16:02:09 INFO  : Context for processor 'microblaze_0' is selected.
16:02:09 INFO  : 'con' command is executed.
16:02:09 INFO  : ----------------XSDB Script (After Launch)----------------
targets -set -nocase -filter {name =~ "*microblaze*#0" && bscan=="USER2" }
con
----------------End of Script----------------

16:02:09 INFO  : Launch script is exported to file 'C:\Users\Aaro\Desktop\385\NDS_Capture_385\7_1_guyanw2\lab7\lab_7_2_sdk_new\mb_usb_hdmi_system\_ide\scripts\debugger_mb_usb_hdmi-default.tcl'
16:02:32 INFO  : Checking for BSP changes to sync application flags for project 'mb_usb_hdmi'...
16:02:37 INFO  : Disconnected from the channel tcfchan#16.
16:02:38 INFO  : Connected to target on host '127.0.0.1' and port '3121'.
16:02:38 INFO  : Jtag cable 'RealDigital Boo 887100000000A' is selected.
16:02:38 INFO  : 'jtag frequency' command is executed.
16:02:38 INFO  : 'targets -set -filter {jtag_cable_name =~ "RealDigital Boo 887100000000A" && level==0 && jtag_device_ctx=="jsn1-0362f093-0"}' command is executed.
16:02:39 INFO  : Device configured successfully with "C:/Users/Aaro/Desktop/385/NDS_Capture_385/7_1_guyanw2/lab7/lab_7_2_sdk_new/mb_usb_hdmi/_ide/bitstream/mb_usb_hdmi_top.bit"
16:02:39 INFO  : Context for processor 'microblaze_0' is selected.
16:02:39 INFO  : Hardware design and registers information is loaded from 'C:/Users/Aaro/Desktop/385/NDS_Capture_385/7_1_guyanw2/lab7/lab_7_2_sdk_new/mb_usb_hdmi_top/export/mb_usb_hdmi_top/hw/mb_usb_hdmi_top.xsa'.
16:02:39 INFO  : 'configparams mdm-detect-bscan-mask 2' command is executed.
16:02:39 INFO  : Context for processor 'microblaze_0' is selected.
16:02:39 INFO  : System reset is completed.
16:02:42 INFO  : 'after 3000' command is executed.
16:02:42 INFO  : Context for processor 'microblaze_0' is selected.
16:02:43 INFO  : The application 'C:/Users/Aaro/Desktop/385/NDS_Capture_385/7_1_guyanw2/lab7/lab_7_2_sdk_new/mb_usb_hdmi/Release/mb_usb_hdmi.elf' is downloaded to processor 'microblaze_0'.
16:02:43 INFO  : ----------------XSDB Script----------------
connect -url tcp:127.0.0.1:3121
targets -set -filter {jtag_cable_name =~ "RealDigital Boo 887100000000A" && level==0 && jtag_device_ctx=="jsn1-0362f093-0"}
fpga -file C:/Users/Aaro/Desktop/385/NDS_Capture_385/7_1_guyanw2/lab7/lab_7_2_sdk_new/mb_usb_hdmi/_ide/bitstream/mb_usb_hdmi_top.bit
targets -set -nocase -filter {name =~ "*microblaze*#0" && bscan=="USER2" }
loadhw -hw C:/Users/Aaro/Desktop/385/NDS_Capture_385/7_1_guyanw2/lab7/lab_7_2_sdk_new/mb_usb_hdmi_top/export/mb_usb_hdmi_top/hw/mb_usb_hdmi_top.xsa -regs
configparams mdm-detect-bscan-mask 2
targets -set -nocase -filter {name =~ "*microblaze*#0" && bscan=="USER2" }
rst -system
after 3000
targets -set -nocase -filter {name =~ "*microblaze*#0" && bscan=="USER2" }
dow C:/Users/Aaro/Desktop/385/NDS_Capture_385/7_1_guyanw2/lab7/lab_7_2_sdk_new/mb_usb_hdmi/Release/mb_usb_hdmi.elf
----------------End of Script----------------

16:02:43 INFO  : Context for processor 'microblaze_0' is selected.
16:02:43 INFO  : 'con' command is executed.
16:02:43 INFO  : ----------------XSDB Script (After Launch)----------------
targets -set -nocase -filter {name =~ "*microblaze*#0" && bscan=="USER2" }
con
----------------End of Script----------------

16:02:43 INFO  : Launch script is exported to file 'C:\Users\Aaro\Desktop\385\NDS_Capture_385\7_1_guyanw2\lab7\lab_7_2_sdk_new\mb_usb_hdmi_system\_ide\scripts\debugger_mb_usb_hdmi-default.tcl'
17:30:16 INFO  : Launching XSCT server: xsct.bat -n  -interactive C:\Users\Aaro\Desktop\385\NDS_Capture_385\7_1_guyanw2\lab7\lab_7_2_sdk_new\temp_xsdb_launch_script.tcl
20:07:03 DEBUG : Logs will be stored at 'C:/Users/Aaro/Desktop/385/NDS_Capture_385/7_1_guyanw2/lab7/lab_7_2_sdk_new/IDE.log'.
20:07:05 INFO  : Launching XSCT server: xsct.bat -n  -interactive C:\Users\Aaro\Desktop\385\NDS_Capture_385\7_1_guyanw2\lab7\lab_7_2_sdk_new\temp_xsdb_launch_script.tcl
20:07:12 INFO  : Platform repository initialization has completed.
20:07:13 INFO  : Registering command handlers for Vitis TCF services
20:07:14 INFO  : XSCT server has started successfully.
20:07:14 INFO  : Successfully done setting XSCT server connection channel  
20:07:23 INFO  : plnx-install-location is set to ''
20:07:23 INFO  : Successfully done setting workspace for the tool. 
20:07:23 INFO  : Successfully done query RDI_DATADIR 
